[05:44:08] [Server thread/INFO]: Starting minecraft server version 1.8.8
[05:44:08] [Server thread/INFO]: Loading properties
[05:44:08] [Server thread/INFO]: Default game type: SURVIVAL
[05:44:08] [Server thread/INFO]: This server is running PandaSpigot version git-PandaSpigot-119 (MC: 1.8.8) (Implementing API version 1.8.8-R0.1-SNAPSHOT) (Git: 858ab0f)
[05:44:08] [Server thread/INFO]: Debug logging is disabled
[05:44:08] [Server thread/INFO]: Server Ping Player Sample Count: 12

[05:44:08] [Server thread/INFO]: Spigot Timings: true - Verbose: true - Interval: 5m - Length: 60m
[05:44:08] [Server thread/INFO]: Using 4 threads for Netty based IO
[05:44:08] [Server thread/INFO]: Data value allowed items: 
[05:44:08] [Server thread/INFO]: Generating keypair
[05:44:09] [Server thread/INFO]: Starting Minecraft server on *:25565
[05:44:09] [Server thread/INFO]: Using default channel type
[05:44:09] [Server thread/INFO]: Set PluginClassLoader as parallel capable
[05:44:09] [Server thread/ERROR]: Could not load 'plugins/StackMob-5.9.2.jar' in folder 'plugins'
org.bukkit.plugin.UnknownDependencyException: ProtocolLib
	at org.bukkit.plugin.SimplePluginManager.loadPlugins(SimplePluginManager.java:230) ~[patched_1.8.8.jar:git-PandaSpigot-119]
	at org.bukkit.craftbukkit.v1_8_R3.CraftServer.loadPlugins(CraftServer.java:297) ~[patched_1.8.8.jar:git-PandaSpigot-119]
	at net.minecraft.server.v1_8_R3.DedicatedServer.init(DedicatedServer.java:236) ~[patched_1.8.8.jar:git-PandaSpigot-119]
	at net.minecraft.server.v1_8_R3.MinecraftServer.run(MinecraftServer.java:603) ~[patched_1.8.8.jar:git-PandaSpigot-119]
	at net.minecraft.server.v1_8_R3.MinecraftServer.lambda$spin$0(MinecraftServer.java:133) ~[patched_1.8.8.jar:git-PandaSpigot-119]
	at java.lang.Thread.run(Thread.java:840) [?:?]
[05:44:09] [Server thread/ERROR]: Could not load 'plugins/GamemodeAlias-1.1.1.jar' in folder 'plugins'
org.bukkit.plugin.InvalidPluginException: java.lang.NoClassDefFoundError: kotlin/jvm/internal/Intrinsics
	at org.bukkit.plugin.java.JavaPluginLoader.loadPlugin(JavaPluginLoader.java:133) ~[patched_1.8.8.jar:git-PandaSpigot-119]
	at org.bukkit.plugin.SimplePluginManager.loadPlugin(SimplePluginManager.java:340) ~[patched_1.8.8.jar:git-PandaSpigot-119]
	at org.bukkit.plugin.SimplePluginManager.loadPlugins(SimplePluginManager.java:263) ~[patched_1.8.8.jar:git-PandaSpigot-119]
	at org.bukkit.craftbukkit.v1_8_R3.CraftServer.loadPlugins(CraftServer.java:297) ~[patched_1.8.8.jar:git-PandaSpigot-119]
	at net.minecraft.server.v1_8_R3.DedicatedServer.init(DedicatedServer.java:236) ~[patched_1.8.8.jar:git-PandaSpigot-119]
	at net.minecraft.server.v1_8_R3.MinecraftServer.run(MinecraftServer.java:603) ~[patched_1.8.8.jar:git-PandaSpigot-119]
	at net.minecraft.server.v1_8_R3.MinecraftServer.lambda$spin$0(MinecraftServer.java:133) ~[patched_1.8.8.jar:git-PandaSpigot-119]
	at java.lang.Thread.run(Thread.java:840) [?:?]
Caused by: java.lang.NoClassDefFoundError: kotlin/jvm/internal/Intrinsics
	at love.chihuyu.gamemodealias.GamemodeAliasPlugin$Companion.setGamemodeAliasPlugin(GamemodeAliasPlugin.kt) ~[?:?]
	at love.chihuyu.gamemodealias.GamemodeAliasPlugin.<init>(GamemodeAliasPlugin.kt:14) ~[?:?]
	at jdk.internal.reflect.NativeConstructorAccessorImpl.newInstance0(Native Method) ~[?:?]
	at jdk.internal.reflect.NativeConstructorAccessorImpl.newInstance(NativeConstructorAccessorImpl.java:77) ~[?:?]
	at jdk.internal.reflect.DelegatingConstructorAccessorImpl.newInstance(DelegatingConstructorAccessorImpl.java:45) ~[?:?]
	at java.lang.reflect.Constructor.newInstanceWithCaller(Constructor.java:499) ~[?:?]
	at java.lang.reflect.ReflectAccess.newInstance(ReflectAccess.java:128) ~[?:?]
	at jdk.internal.reflect.ReflectionFactory.newInstance(ReflectionFactory.java:347) ~[?:?]
	at java.lang.Class.newInstance(Class.java:645) ~[?:?]
	at org.bukkit.plugin.java.PluginClassLoader.<init>(PluginClassLoader.java:77) ~[patched_1.8.8.jar:git-PandaSpigot-119]
	at org.bukkit.plugin.java.JavaPluginLoader.loadPlugin(JavaPluginLoader.java:129) ~[patched_1.8.8.jar:git-PandaSpigot-119]
	... 7 more
Caused by: java.lang.ClassNotFoundException: kotlin.jvm.internal.Intrinsics
	at java.net.URLClassLoader.findClass(URLClassLoader.java:445) ~[?:?]
	at org.bukkit.plugin.java.PluginClassLoader.findClass(PluginClassLoader.java:102) ~[patched_1.8.8.jar:git-PandaSpigot-119]
	at org.bukkit.plugin.java.PluginClassLoader.findClass(PluginClassLoader.java:87) ~[patched_1.8.8.jar:git-PandaSpigot-119]
	at java.lang.ClassLoader.loadClass(ClassLoader.java:592) ~[?:?]
	at java.lang.ClassLoader.loadClass(ClassLoader.java:525) ~[?:?]
	at love.chihuyu.gamemodealias.GamemodeAliasPlugin$Companion.setGamemodeAliasPlugin(GamemodeAliasPlugin.kt) ~[?:?]
	at love.chihuyu.gamemodealias.GamemodeAliasPlugin.<init>(GamemodeAliasPlugin.kt:14) ~[?:?]
	at jdk.internal.reflect.NativeConstructorAccessorImpl.newInstance0(Native Method) ~[?:?]
	at jdk.internal.reflect.NativeConstructorAccessorImpl.newInstance(NativeConstructorAccessorImpl.java:77) ~[?:?]
	at jdk.internal.reflect.DelegatingConstructorAccessorImpl.newInstance(DelegatingConstructorAccessorImpl.java:45) ~[?:?]
	at java.lang.reflect.Constructor.newInstanceWithCaller(Constructor.java:499) ~[?:?]
	at java.lang.reflect.ReflectAccess.newInstance(ReflectAccess.java:128) ~[?:?]
	at jdk.internal.reflect.ReflectionFactory.newInstance(ReflectionFactory.java:347) ~[?:?]
	at java.lang.Class.newInstance(Class.java:645) ~[?:?]
	at org.bukkit.plugin.java.PluginClassLoader.<init>(PluginClassLoader.java:77) ~[patched_1.8.8.jar:git-PandaSpigot-119]
	at org.bukkit.plugin.java.JavaPluginLoader.loadPlugin(JavaPluginLoader.java:129) ~[patched_1.8.8.jar:git-PandaSpigot-119]
	... 7 more
[05:44:09] [Server thread/INFO]: [WorldEdit] Loading WorldEdit v6.1.9;caf0ad9
[05:44:09] [Server thread/INFO]: [DecentHolograms] Loading DecentHolograms v2.8.11
[05:44:09] [Server thread/INFO]: [ClearLag] Loading ClearLag v3.2.2
[05:44:09] [Server thread/INFO]: [Multiverse-Core] Loading Multiverse-Core v2.5-b699
[05:44:09] [Server thread/INFO]: [ViaVersion] Loading ViaVersion v5.0.0
[05:44:09] [Server thread/INFO]: [ViaVersion] ViaVersion 5.0.0 is now loaded. Registering protocol transformers and injecting...
[05:44:10] [Via-Mappingloader-0/INFO]: [ViaVersion] Loading block connection mappings ...
[05:44:10] [Server thread/INFO]: [ViaBackwards] Loading translations...
[05:44:10] [Server thread/INFO]: [ViaBackwards] Registering protocols...
[05:44:11] [Server thread/INFO]: [ViaRewind] Registering protocols...
[05:44:11] [Server thread/INFO]: [ViaBackwards] Loading ViaBackwards v5.0.0
[05:44:11] [Server thread/INFO]: [ViaRewind] Loading ViaRewind v4.0.0
[05:44:11] [Server thread/INFO]: [LuckPerms] Loading LuckPerms v5.4.141
[05:44:11] [Server thread/INFO]: [ViaRewind-Legacy-Support] Loading ViaRewind-Legacy-Support v1.5.1
[05:44:11] [Server thread/INFO]: [ToastedAFK] Loading ToastedAFK v2.0.2.2
[05:44:11] [Server thread/INFO]: [Vault] Loading Vault v1.5.6-b49
[05:44:11] [Server thread/INFO]: [Essentials] Loading Essentials v2.20.1
[05:44:11] [Server thread/INFO]: [InvSee++] Loading InvSeePlusPlus v0.29.4
[05:44:11] [Server thread/INFO]: [ItemEdit] Loading ItemEdit v3.5.2
[05:44:11] [Server thread/INFO]: [CrazyAuctions] Loading CrazyAuctions v1.2.19
[05:44:11] [Server thread/INFO]: [EssentialsChat] Loading EssentialsChat v2.20.1
[05:44:11] [Server thread/INFO]: [TAB] Loading TAB v4.1.8
[05:44:11] [Server thread/INFO]: [EssentialsSpawn] Loading EssentialsSpawn v2.20.1
[05:44:11] [Server thread/INFO]: [UltimateKits] Loading UltimateKits v3.1.2
[05:44:11] [Server thread/INFO]: [UltimateKits] [CraftaroCore] Loading dependency org.slf4j:slf4j-api:2.0.11 from https://repo1.maven.org/maven2
[05:44:11] [Server thread/INFO]: [UltimateKits] [CraftaroCore] Loaded dependency 'slf4j-api-2.0.11' successfully.
[05:44:11] [Server thread/INFO]: [UltimateKits] [CraftaroCore] ----------------------------
[05:44:11] [Server thread/INFO]: [UltimateKits] [CraftaroCore] Loading dependency org.reactivestreams:reactive-streams:1.0.2 from https://repo1.maven.org/maven2
[05:44:11] [Server thread/INFO]: [UltimateKits] [CraftaroCore] Loaded dependency 'reactive-streams-1.0.2' successfully.
[05:44:11] [Server thread/INFO]: [UltimateKits] [CraftaroCore] ----------------------------
[05:44:11] [Server thread/INFO]: [UltimateKits] [CraftaroCore] Loading dependency org.apache.commons:commons-text:1.12.0 from https://repo1.maven.org/maven2
[05:44:11] [Server thread/INFO]: [UltimateKits] [CraftaroCore] Loaded dependency 'commons-text-1.12.0' successfully.
[05:44:11] [Server thread/INFO]: [UltimateKits] [CraftaroCore] ----------------------------
[05:44:11] [Server thread/INFO]: [UltimateKits] [CraftaroCore] Loading dependency com.h2database:h2:1.4.200 from https://repo1.maven.org/maven2
[05:44:11] [Server thread/INFO]: [UltimateKits] [CraftaroCore] Loaded dependency 'h2-1.4.200' successfully.
[05:44:11] [Server thread/INFO]: [UltimateKits] [CraftaroCore] ----------------------------
[05:44:11] [Server thread/INFO]: [UltimateKits] [CraftaroCore] Loading dependency org.apache.commons:commons-lang3:3.14.0 from https://repo1.maven.org/maven2
[05:44:11] [Server thread/INFO]: [UltimateKits] [CraftaroCore] Loaded dependency 'commons-lang3-3.14.0' successfully.
[05:44:11] [Server thread/INFO]: [UltimateKits] [CraftaroCore] ----------------------------
[05:44:11] [Server thread/INFO]: [UltimateKits] [CraftaroCore] Loading dependency com.zaxxer:HikariCP:4.0.3 from https://repo1.maven.org/maven2
[05:44:11] [Server thread/INFO]: [UltimateKits] [CraftaroCore] Loaded dependency 'HikariCP-4.0.3' successfully.
[05:44:11] [Server thread/INFO]: [UltimateKits] [CraftaroCore] ----------------------------
[05:44:11] [Server thread/INFO]: [UltimateKits] [CraftaroCore] Loading dependency org.jooq:jooq:3.14.16 from https://repo1.maven.org/maven2
[05:44:11] [Server thread/INFO]: [UltimateKits] [CraftaroCore] Loaded dependency 'jooq-3.14.16' successfully.
[05:44:11] [Server thread/INFO]: [UltimateKits] [CraftaroCore] ----------------------------
[05:44:11] [Server thread/INFO]: [UltimateKits] [CraftaroCore] Loading dependency org.mariadb.jdbc:mariadb-java-client:3.2.0 from https://repo1.maven.org/maven2
[05:44:11] [Server thread/INFO]: [UltimateKits] [CraftaroCore] Loaded dependency 'mariadb-java-client-3.2.0' successfully.
[05:44:11] [Server thread/INFO]: [UltimateKits] [CraftaroCore] ----------------------------
[05:44:11] [Server thread/INFO]: [UltimateKits] [CraftaroCore] Loading dependency com.github.cryptomorin:XSeries:11.2.1 from https://repo1.maven.org/maven2
[05:44:11] [Server thread/INFO]: [UltimateKits] [CraftaroCore] Loaded dependency 'XSeries-11.2.1' successfully.
[05:44:11] [Server thread/INFO]: [UltimateKits] [CraftaroCore] ----------------------------
[05:44:11] [Server thread/INFO]: [UltimateStacker] Loading UltimateStacker v3.2.1
[05:44:11] [Server thread/INFO]: [UltimateStacker] [CraftaroCore] Loading dependency com.github.cryptomorin:XSeries:11.2.0 from https://repo1.maven.org/maven2
[05:44:11] [Server thread/INFO]: [UltimateStacker] [CraftaroCore] Loaded dependency 'XSeries-11.2.0' successfully.
[05:44:11] [Server thread/INFO]: [UltimateStacker] [CraftaroCore] ----------------------------
[05:44:11] [Server thread/WARN]: Could not add flag mob-stacking to WorldGuard 6.0
[05:44:11] [Server thread/WARN]: Could not hook WorldGuard
[05:44:11] [Server thread/INFO]: [WorldGuard] Loading WorldGuard v6.1
[05:44:11] [Server thread/INFO]: [Shopkeepers] Loading Shopkeepers v2.2.4
[05:44:11] [Server thread/INFO]: [EconomyShopGUI] Loading EconomyShopGUI v6.8.1
[05:44:11] [Server thread/INFO]: [BetterRTP] Loading BetterRTP v3.6.13
[05:44:11] [Server thread/INFO]: [ViaRewind] Enabling ViaRewind v4.0.0
[05:44:11] [Server thread/INFO]: [LuckPerms] Enabling LuckPerms v5.4.141
[05:44:11] [Server thread/INFO]:         __    
[05:44:11] [Server thread/INFO]:   |    |__)   LuckPerms v5.4.141
[05:44:11] [Server thread/INFO]:   |___ |      Running on Bukkit - PandaSpigot
[05:44:11] [Server thread/INFO]: 
[05:44:11] [Server thread/INFO]: [LuckPerms] Loading configuration...
[05:44:12] [Server thread/INFO]: [LuckPerms] Loading storage provider... [H2]
[05:44:13] [Server thread/INFO]: [LuckPerms] Loading internal permission managers...
[05:44:13] [Server thread/INFO]: [LuckPerms] Performing initial data load...
[05:44:13] [Server thread/INFO]: [LuckPerms] Successfully enabled. (took 2022ms)
[05:44:13] [Server thread/INFO]: [Vault] Enabling Vault v1.5.6-b49
[05:44:13] [Server thread/INFO]: [Vault] [Economy] Essentials Economy found: Waiting
[05:44:13] [Server thread/INFO]: [Vault] [Permission] SuperPermissions loaded as backup permission system.
[05:44:13] [Server thread/INFO]: [Vault] Enabled Version 1.5.6-b49
[05:44:13] [Server thread/INFO]: [LuckPerms] Registered Vault permission & chat hook.
[05:44:13] [Server thread/WARN]: **** SERVER IS RUNNING IN OFFLINE/INSECURE MODE!
[05:44:13] [Server thread/WARN]: The server will make no attempt to authenticate usernames. Beware.
[05:44:13] [Server thread/WARN]: Whilst this makes it possible to use BungeeCord, unless access to your server is properly restricted, it also opens up the ability for hackers to connect with any username they choose.
[05:44:13] [Server thread/WARN]: Please see http://www.spigotmc.org/wiki/firewall-guide/ for further information.
[05:44:13] [Server thread/WARN]: To change this, set "online-mode" to "true" in the server.properties file.
[05:44:13] [Server thread/INFO]: **** Beginning UUID conversion, this may take A LONG time ****
[05:44:13] [Server thread/INFO]: Preparing level "world"
[05:44:13] [Server thread/INFO]: -------- World Settings For [world] --------
[05:44:13] [Server thread/INFO]: Chunks to Grow per Tick: 650
[05:44:13] [Server thread/INFO]: Clear tick list: false
[05:44:13] [Server thread/INFO]: Experience Merge Radius: 3.0
[05:44:13] [Server thread/INFO]: Mob Spawn Range: 4
[05:44:13] [Server thread/INFO]: Anti X-Ray: true
[05:44:13] [Server thread/INFO]: 	Engine Mode: 1
[05:44:13] [Server thread/INFO]: 	Hidden Blocks: [14, 15, 16, 21, 48, 49, 54, 56, 73, 74, 82, 129, 130]
[05:44:13] [Server thread/INFO]: 	Replace Blocks: [1, 5]
[05:44:13] [Server thread/INFO]: Nerfing mobs spawned from spawners: false
[05:44:13] [Server thread/INFO]: Entity Activation Range: An 32 / Mo 32 / Mi 16
[05:44:13] [Server thread/INFO]: Entity Tracking Range: Pl 48 / An 48 / Mo 48 / Mi 32 / Other 64
[05:44:13] [Server thread/INFO]: Hopper Transfer: 8 Hopper Check: 8 Hopper Amount: 1
[05:44:13] [Server thread/INFO]: Random Lighting Updates: false
[05:44:13] [Server thread/INFO]: Structure Info Saving: true
[05:44:13] [Server thread/INFO]: Sending up to 10 chunks per packet
[05:44:13] [Server thread/INFO]: Max Entity Collisions: 8
[05:44:13] [Server thread/INFO]: Custom Map Seeds:  Village: 10387312 Feature: 14357617
[05:44:13] [Server thread/INFO]: Max TNT Explosions: 100
[05:44:13] [Server thread/INFO]: Tile Max Tick Time: 50ms Entity max Tick Time: 50ms
[05:44:13] [Server thread/INFO]: Cactus Growth Modifier: 100%
[05:44:13] [Server thread/INFO]: Cane Growth Modifier: 100%
[05:44:13] [Server thread/INFO]: Melon Growth Modifier: 100%
[05:44:14] [Server thread/INFO]: Mushroom Growth Modifier: 100%
[05:44:14] [Server thread/INFO]: Pumpkin Growth Modifier: 100%
[05:44:14] [Server thread/INFO]: Sapling Growth Modifier: 100%
[05:44:14] [Server thread/INFO]: Wheat Growth Modifier: 100%
[05:44:14] [Server thread/INFO]: NetherWart Growth Modifier: 100%
[05:44:14] [Server thread/INFO]: Item Despawn Rate: 6000
[05:44:14] [Server thread/INFO]: Item Merge Radius: 2.5
[05:44:14] [Server thread/INFO]: Arrow Despawn Rate: 1200
[05:44:14] [Server thread/INFO]: Allow Zombie Pigmen to spawn from portal blocks: true
[05:44:14] [Server thread/INFO]: View Distance: 10
[05:44:14] [Server thread/INFO]: Zombie Aggressive Towards Villager: true
[05:44:14] [Server thread/INFO]: -------- World Settings For [world] --------
[05:44:14] [Server thread/INFO]: Keep spawn chunk loaded: true
[05:44:14] [Server thread/INFO]: WorldServer TickNextTick cap set at 10000
[05:44:14] [Server thread/INFO]: WorldServer TickNextTickList cap always processes redstone: false
[05:44:14] [Server thread/INFO]: World async lighting: false
[05:44:14] [Server thread/INFO]: Living Entity Despawn Ranges:  Soft: 32 Hard: 128
[05:44:14] [Server thread/INFO]: Squids will spawn between Y: 45.0 and Y: 63.0
[05:44:14] [Server thread/INFO]: Max height for cactus growth 3. Max height for reed growth 3
[05:44:14] [Server thread/INFO]: Player blocking damage multiplier set to 0.5
[05:44:14] [Server thread/INFO]: Remove invalid mob spawner tile entities: true
[05:44:14] [Server thread/INFO]: Water over lava flow speed: 5
[05:44:14] [Server thread/INFO]: Fix TNT cannons: false
[05:44:14] [Server thread/INFO]: Allow undead horse types to be leashed: false
[05:44:14] [Server thread/INFO]: -------- World Settings For [world_nether] --------
[05:44:14] [Server thread/INFO]: Chunks to Grow per Tick: 650
[05:44:14] [Server thread/INFO]: Clear tick list: false
[05:44:14] [Server thread/INFO]: Experience Merge Radius: 3.0
[05:44:14] [Server thread/INFO]: Mob Spawn Range: 4
[05:44:14] [Server thread/INFO]: Anti X-Ray: true
[05:44:14] [Server thread/INFO]: 	Engine Mode: 1
[05:44:14] [Server thread/INFO]: 	Hidden Blocks: [14, 15, 16, 21, 48, 49, 54, 56, 73, 74, 82, 129, 130]
[05:44:14] [Server thread/INFO]: 	Replace Blocks: [1, 5]
[05:44:14] [Server thread/INFO]: Nerfing mobs spawned from spawners: false
[05:44:14] [Server thread/INFO]: Entity Activation Range: An 32 / Mo 32 / Mi 16
[05:44:14] [Server thread/INFO]: Entity Tracking Range: Pl 48 / An 48 / Mo 48 / Mi 32 / Other 64
[05:44:14] [Server thread/INFO]: Hopper Transfer: 8 Hopper Check: 8 Hopper Amount: 1
[05:44:14] [Server thread/INFO]: Random Lighting Updates: false
[05:44:14] [Server thread/INFO]: Structure Info Saving: true
[05:44:14] [Server thread/INFO]: Sending up to 10 chunks per packet
[05:44:14] [Server thread/INFO]: Max Entity Collisions: 8
[05:44:14] [Server thread/INFO]: Custom Map Seeds:  Village: 10387312 Feature: 14357617
[05:44:14] [Server thread/INFO]: Max TNT Explosions: 100
[05:44:14] [Server thread/INFO]: Tile Max Tick Time: 50ms Entity max Tick Time: 50ms
[05:44:14] [Server thread/INFO]: Cactus Growth Modifier: 100%
[05:44:14] [Server thread/INFO]: Cane Growth Modifier: 100%
[05:44:14] [Server thread/INFO]: Melon Growth Modifier: 100%
[05:44:14] [Server thread/INFO]: Mushroom Growth Modifier: 100%
[05:44:14] [Server thread/INFO]: Pumpkin Growth Modifier: 100%
[05:44:14] [Server thread/INFO]: Sapling Growth Modifier: 100%
[05:44:14] [Server thread/INFO]: Wheat Growth Modifier: 100%
[05:44:14] [Server thread/INFO]: NetherWart Growth Modifier: 100%
[05:44:14] [Server thread/INFO]: Item Despawn Rate: 6000
[05:44:14] [Server thread/INFO]: Item Merge Radius: 2.5
[05:44:14] [Server thread/INFO]: Arrow Despawn Rate: 1200
[05:44:14] [Server thread/INFO]: Allow Zombie Pigmen to spawn from portal blocks: true
[05:44:14] [Server thread/INFO]: View Distance: 10
[05:44:14] [Server thread/INFO]: Zombie Aggressive Towards Villager: true
[05:44:14] [Server thread/INFO]: -------- World Settings For [world_nether] --------
[05:44:14] [Server thread/INFO]: Keep spawn chunk loaded: true
[05:44:14] [Server thread/INFO]: WorldServer TickNextTick cap set at 10000
[05:44:14] [Server thread/INFO]: WorldServer TickNextTickList cap always processes redstone: false
[05:44:14] [Server thread/INFO]: World async lighting: false
[05:44:14] [Server thread/INFO]: Living Entity Despawn Ranges:  Soft: 32 Hard: 128
[05:44:14] [Server thread/INFO]: Squids will spawn between Y: 45.0 and Y: 63.0
[05:44:14] [Server thread/INFO]: Max height for cactus growth 3. Max height for reed growth 3
[05:44:14] [Server thread/INFO]: Player blocking damage multiplier set to 0.5
[05:44:14] [Server thread/INFO]: Remove invalid mob spawner tile entities: true
[05:44:14] [Server thread/INFO]: Water over lava flow speed: 5
[05:44:14] [Server thread/INFO]: Fix TNT cannons: false
[05:44:14] [Server thread/INFO]: Allow undead horse types to be leashed: false
[05:44:14] [Server thread/INFO]: -------- World Settings For [world_the_end] --------
[05:44:14] [Server thread/INFO]: Chunks to Grow per Tick: 650
[05:44:14] [Server thread/INFO]: Clear tick list: false
[05:44:14] [Server thread/INFO]: Experience Merge Radius: 3.0
[05:44:14] [Server thread/INFO]: Mob Spawn Range: 4
[05:44:14] [Server thread/INFO]: Anti X-Ray: true
[05:44:14] [Server thread/INFO]: 	Engine Mode: 1
[05:44:14] [Server thread/INFO]: 	Hidden Blocks: [14, 15, 16, 21, 48, 49, 54, 56, 73, 74, 82, 129, 130]
[05:44:14] [Server thread/INFO]: 	Replace Blocks: [1, 5]
[05:44:14] [Server thread/INFO]: Nerfing mobs spawned from spawners: false
[05:44:14] [Server thread/INFO]: Entity Activation Range: An 32 / Mo 32 / Mi 16
[05:44:14] [Server thread/INFO]: Entity Tracking Range: Pl 48 / An 48 / Mo 48 / Mi 32 / Other 64
[05:44:14] [Server thread/INFO]: Hopper Transfer: 8 Hopper Check: 8 Hopper Amount: 1
[05:44:14] [Server thread/INFO]: Random Lighting Updates: false
[05:44:14] [Server thread/INFO]: Structure Info Saving: true
[05:44:14] [Server thread/INFO]: Sending up to 10 chunks per packet
[05:44:14] [Server thread/INFO]: Max Entity Collisions: 8
[05:44:14] [Server thread/INFO]: Custom Map Seeds:  Village: 10387312 Feature: 14357617
[05:44:14] [Server thread/INFO]: Max TNT Explosions: 100
[05:44:14] [Server thread/INFO]: Tile Max Tick Time: 50ms Entity max Tick Time: 50ms
[05:44:14] [Server thread/INFO]: Cactus Growth Modifier: 100%
[05:44:14] [Server thread/INFO]: Cane Growth Modifier: 100%
[05:44:14] [Server thread/INFO]: Melon Growth Modifier: 100%
[05:44:14] [Server thread/INFO]: Mushroom Growth Modifier: 100%
[05:44:14] [Server thread/INFO]: Pumpkin Growth Modifier: 100%
[05:44:14] [Server thread/INFO]: Sapling Growth Modifier: 100%
[05:44:14] [Server thread/INFO]: Wheat Growth Modifier: 100%
[05:44:14] [Server thread/INFO]: NetherWart Growth Modifier: 100%
[05:44:14] [Server thread/INFO]: Item Despawn Rate: 6000
[05:44:14] [Server thread/INFO]: Item Merge Radius: 2.5
[05:44:14] [Server thread/INFO]: Arrow Despawn Rate: 1200
[05:44:14] [Server thread/INFO]: Allow Zombie Pigmen to spawn from portal blocks: true
[05:44:14] [Server thread/INFO]: View Distance: 10
[05:44:14] [Server thread/INFO]: Zombie Aggressive Towards Villager: true
[05:44:14] [Server thread/INFO]: -------- World Settings For [world_the_end] --------
[05:44:14] [Server thread/INFO]: Keep spawn chunk loaded: true
[05:44:14] [Server thread/INFO]: WorldServer TickNextTick cap set at 10000
[05:44:14] [Server thread/INFO]: WorldServer TickNextTickList cap always processes redstone: false
[05:44:14] [Server thread/INFO]: World async lighting: false
[05:44:14] [Server thread/INFO]: Living Entity Despawn Ranges:  Soft: 32 Hard: 128
[05:44:14] [Server thread/INFO]: Squids will spawn between Y: 45.0 and Y: 63.0
[05:44:14] [Server thread/INFO]: Max height for cactus growth 3. Max height for reed growth 3
[05:44:14] [Server thread/INFO]: Player blocking damage multiplier set to 0.5
[05:44:14] [Server thread/INFO]: Remove invalid mob spawner tile entities: true
[05:44:14] [Server thread/INFO]: Water over lava flow speed: 5
[05:44:14] [Server thread/INFO]: Fix TNT cannons: false
[05:44:14] [Server thread/INFO]: Allow undead horse types to be leashed: false
[05:44:14] [Server thread/INFO]: Preparing start region for level 0 (Seed: 6884711235044660255)
[05:44:15] [Server thread/INFO]: Preparing spawn area: 16%
[05:44:16] [Server thread/INFO]: Preparing spawn area: 56%
[05:44:16] [Server thread/INFO]: Preparing start region for level 1 (Seed: 6884711235044660255)
[05:44:17] [Server thread/INFO]: Preparing spawn area: 67%
[05:44:18] [Server thread/INFO]: Preparing start region for level 2 (Seed: 6884711235044660255)
[05:44:18] [Server thread/INFO]: [WorldEdit] Enabling WorldEdit v6.1.9;caf0ad9
[05:44:18] [Server thread/INFO]: WEPIF: Using the Bukkit Permissions API.
[05:44:18] [Server thread/INFO]: [WorldEdit] Using com.sk89q.worldedit.bukkit.adapter.impl.Spigot_v1_8_R3 as the Bukkit adapter
[05:44:18] [Server thread/INFO]: [DecentHolograms] Enabling DecentHolograms v2.8.11
[05:44:18] [Server thread/INFO]: [ClearLag] Enabling ClearLag v3.2.2
[05:44:18] [Server thread/INFO]: [ClearLag] Using version-adapter: LegacyVersionAdapter
[05:44:18] [Server thread/INFO]: [ClearLag] Loading modules...
[05:44:18] [Server thread/INFO]: [ClearLag] Modules enabed, loading config values
[05:44:18] [Server thread/INFO]: [ClearLag] Modules have been loaded!
[05:44:18] [Server thread/INFO]: [ClearLag] Clearlag is now enabled!
[05:44:19] [Thread-5/INFO]: [ClearLag] Checking for updates compatible with your bukkit version [1.8]...
[05:44:19] [Server thread/INFO]: [Multiverse-Core] Enabling Multiverse-Core v2.5-b699
[05:44:19] [Server thread/INFO]: -------- World Settings For [PvP] --------
[05:44:19] [Server thread/INFO]: Chunks to Grow per Tick: 650
[05:44:19] [Server thread/INFO]: Clear tick list: false
[05:44:19] [Server thread/INFO]: Experience Merge Radius: 3.0
[05:44:19] [Server thread/INFO]: Mob Spawn Range: 4
[05:44:19] [Server thread/INFO]: Anti X-Ray: true
[05:44:19] [Server thread/INFO]: 	Engine Mode: 1
[05:44:19] [Server thread/INFO]: 	Hidden Blocks: [14, 15, 16, 21, 48, 49, 54, 56, 73, 74, 82, 129, 130]
[05:44:19] [Server thread/INFO]: 	Replace Blocks: [1, 5]
[05:44:19] [Server thread/INFO]: Nerfing mobs spawned from spawners: false
[05:44:19] [Server thread/INFO]: Entity Activation Range: An 32 / Mo 32 / Mi 16
[05:44:19] [Server thread/INFO]: Entity Tracking Range: Pl 48 / An 48 / Mo 48 / Mi 32 / Other 64
[05:44:19] [Server thread/INFO]: Hopper Transfer: 8 Hopper Check: 8 Hopper Amount: 1
[05:44:19] [Server thread/INFO]: Random Lighting Updates: false
[05:44:19] [Server thread/INFO]: Structure Info Saving: true
[05:44:19] [Server thread/INFO]: Sending up to 10 chunks per packet
[05:44:19] [Server thread/INFO]: Max Entity Collisions: 8
[05:44:19] [Server thread/INFO]: Custom Map Seeds:  Village: 10387312 Feature: 14357617
[05:44:19] [Server thread/INFO]: Max TNT Explosions: 100
[05:44:19] [Server thread/INFO]: Tile Max Tick Time: 50ms Entity max Tick Time: 50ms
[05:44:19] [Server thread/INFO]: Cactus Growth Modifier: 100%
[05:44:19] [Server thread/INFO]: Cane Growth Modifier: 100%
[05:44:19] [Server thread/INFO]: Melon Growth Modifier: 100%
[05:44:19] [Server thread/INFO]: Mushroom Growth Modifier: 100%
[05:44:19] [Server thread/INFO]: Pumpkin Growth Modifier: 100%
[05:44:19] [Server thread/INFO]: Sapling Growth Modifier: 100%
[05:44:19] [Server thread/INFO]: Wheat Growth Modifier: 100%
[05:44:19] [Server thread/INFO]: NetherWart Growth Modifier: 100%
[05:44:19] [Server thread/INFO]: Item Despawn Rate: 6000
[05:44:19] [Server thread/INFO]: Item Merge Radius: 2.5
[05:44:19] [Server thread/INFO]: Arrow Despawn Rate: 1200
[05:44:19] [Server thread/INFO]: Allow Zombie Pigmen to spawn from portal blocks: true
[05:44:19] [Server thread/INFO]: View Distance: 10
[05:44:19] [Server thread/INFO]: Zombie Aggressive Towards Villager: true
[05:44:19] [Server thread/INFO]: -------- World Settings For [PvP] --------
[05:44:19] [Server thread/INFO]: Keep spawn chunk loaded: true
[05:44:19] [Server thread/INFO]: WorldServer TickNextTick cap set at 10000
[05:44:19] [Server thread/INFO]: WorldServer TickNextTickList cap always processes redstone: false
[05:44:19] [Server thread/INFO]: World async lighting: false
[05:44:19] [Server thread/INFO]: Living Entity Despawn Ranges:  Soft: 32 Hard: 128
[05:44:19] [Server thread/INFO]: Squids will spawn between Y: 45.0 and Y: 63.0
[05:44:19] [Server thread/INFO]: Max height for cactus growth 3. Max height for reed growth 3
[05:44:19] [Server thread/INFO]: Player blocking damage multiplier set to 0.5
[05:44:19] [Server thread/INFO]: Remove invalid mob spawner tile entities: true
[05:44:19] [Server thread/INFO]: Water over lava flow speed: 5
[05:44:19] [Server thread/INFO]: Fix TNT cannons: false
[05:44:19] [Server thread/INFO]: Allow undead horse types to be leashed: false
[05:44:19] [Server thread/INFO]: Preparing start region for level 3 (Seed: 5652681660993073312)
[05:44:19] [Server thread/INFO]: [Multiverse-Core] 4 - World(s) loaded.
[05:44:19] [Server thread/INFO]: [Multiverse-Core] Version 2.5-b699 (API v19) Enabled - By Rigby, fernferret, lithium3141 and main--
[05:44:19] [Server thread/INFO]: [ViaVersion] Enabling ViaVersion v5.0.0
[05:44:19] [Server thread/INFO]: [ViaBackwards] Enabling ViaBackwards v5.0.0
[05:44:19] [Server thread/INFO]: [ViaRewind-Legacy-Support] Enabling ViaRewind-Legacy-Support v1.5.1
[05:44:19] [Server thread/INFO]: [ToastedAFK] Enabling ToastedAFK v2.0.2.2
[05:44:19] [Server thread/INFO]: [Essentials] Enabling Essentials v2.20.1
[05:44:19] [Server thread/INFO]: You are running a server with limited API functionality. EssentialsX will still work, but certain features may be disabled.
[05:44:19] [Thread-5/INFO]: [ClearLag] No updates found!
[05:44:19] [Server thread/INFO]: Attempting to convert old kits in config.yml to new kits.yml
[05:44:19] [Server thread/INFO]: No kits found to migrate.
[05:44:20] [Server thread/INFO]: Loaded 853 items from items.csv.
[05:44:20] [Server thread/INFO]: Using locale en
[05:44:20] [Server thread/INFO]: ServerListPingEvent: Spigot iterator API
[05:44:20] [Server thread/INFO]: Starting Metrics. Opt-out using the global bStats config.
[05:44:20] [Server thread/INFO]: [Vault][Economy] Essentials Economy hooked.
[05:44:20] [Server thread/INFO]: Using Vault based permissions (LuckPerms)
[05:44:20] [Server thread/INFO]: [InvSee++] Enabling InvSeePlusPlus v0.29.4
[05:44:20] [Server thread/INFO]: [ItemEdit] Enabling ItemEdit v3.5.2
[05:44:20] [Server thread/INFO]: [ItemEdit] Selected Storage Type: YAML
[05:44:20] [Server thread/INFO]: [ItemEdit] Hooking into Vault
[05:44:20] [Server thread/INFO]: [ItemEdit] # Enabled (took 92 ms)
[05:44:20] [Server thread/INFO]: [CrazyAuctions] Enabling CrazyAuctions v1.2.19
[05:44:20] [Server thread/INFO]: Loading the config.yml
[05:44:20] [Server thread/INFO]: Successfully loaded config.yml
[05:44:20] [Server thread/INFO]: Loading the Data.yml
[05:44:20] [Server thread/INFO]: Successfully loaded Data.yml
[05:44:20] [Server thread/INFO]: Loading the Messages.yml
[05:44:20] [Server thread/INFO]: Successfully loaded Messages.yml
[05:44:20] [Server thread/INFO]: Loading the Test-File.yml
[05:44:20] [Server thread/INFO]: Successfully loaded Test-File.yml
[05:44:20] [Server thread/INFO]: [EssentialsChat] Enabling EssentialsChat v2.20.1
[05:44:20] [Server thread/INFO]: Starting Metrics. Opt-out using the global bStats config.
[05:44:20] [Server thread/INFO]: [TAB] Enabling TAB v4.1.8
[05:44:20] [Server thread/INFO]: [TAB] Loaded NMS hook in 36ms
[05:44:20] [Server thread/INFO]: [TAB] Enabled in 187ms
[05:44:20] [Server thread/INFO]: [EssentialsSpawn] Enabling EssentialsSpawn v2.20.1
[05:44:20] [Server thread/INFO]: Starting Metrics. Opt-out using the global bStats config.
[05:44:20] [Server thread/INFO]: [UltimateKits] Enabling UltimateKits v3.1.2
[05:44:20] [Server thread/INFO]:  
[05:44:20] [Server thread/INFO]: =============================
[05:44:20] [Server thread/INFO]: UltimateKits 3.1.2 by Songoda <3!
[05:44:20] [Server thread/INFO]: Action: Enabling...
[05:44:20] [Server thread/INFO]: [UltimateKits] Loaded locale "en_US"
[05:44:20] [Server thread/INFO]: HikariPool-1 - Starting...
[05:44:21] [Server thread/INFO]: HikariPool-1 - Start completed.
[05:44:21] [Server thread/INFO]: [UltimateKits] Data handler connected using H2.
[05:44:21] [Server thread/INFO]: [UltimateKits] [CraftaroCore] [CraftaroCore] Hooked UltimateKits.
[05:44:21] [Server thread/INFO]: =============================
[05:44:21] [Server thread/INFO]:  
[05:44:21] [Server thread/INFO]: [UltimateStacker] Enabling UltimateStacker v3.2.1
[05:44:21] [Server thread/INFO]:  
[05:44:21] [Server thread/INFO]: =============================
[05:44:21] [Server thread/INFO]: UltimateStacker 3.2.1 by Songoda <3!
[05:44:21] [Server thread/INFO]: Action: Enabling...
[05:44:21] [Server thread/INFO]: [UltimateStacker] Loaded locale "en_US"
[05:44:21] [Server thread/INFO]: [UltimateKits] [CraftaroCore] [CraftaroCore] Hooked UltimateStacker.
[05:44:22] [Server thread/INFO]: HikariPool-2 - Starting...
[05:44:22] [Server thread/INFO]: HikariPool-2 - Start completed.
[05:44:22] [Server thread/INFO]: [UltimateStacker] Data handler connected using H2.
[05:44:22] [Server thread/INFO]: =============================
[05:44:22] [Server thread/INFO]:  
[05:44:22] [Server thread/INFO]: [WorldGuard] Enabling WorldGuard v6.1
[05:44:22] [Server thread/INFO]: [WorldGuard] (world) TNT ignition is PERMITTED.
[05:44:22] [Server thread/INFO]: [WorldGuard] (world) Lighters are PERMITTED.
[05:44:22] [Server thread/INFO]: [WorldGuard] (world) Lava fire is blocked.
[05:44:22] [Server thread/INFO]: [WorldGuard] (world) Fire spread is UNRESTRICTED.
[05:44:22] [Server thread/INFO]: [WorldGuard] Loaded configuration for world 'world'
[05:44:22] [Server thread/INFO]: [WorldGuard] (world_nether) TNT ignition is PERMITTED.
[05:44:22] [Server thread/INFO]: [WorldGuard] (world_nether) Lighters are PERMITTED.
[05:44:22] [Server thread/INFO]: [WorldGuard] (world_nether) Lava fire is blocked.
[05:44:22] [Server thread/INFO]: [WorldGuard] (world_nether) Fire spread is UNRESTRICTED.
[05:44:22] [Server thread/INFO]: [WorldGuard] Loaded configuration for world 'world_nether'
[05:44:22] [Server thread/INFO]: [WorldGuard] (world_the_end) TNT ignition is PERMITTED.
[05:44:22] [Server thread/INFO]: [WorldGuard] (world_the_end) Lighters are PERMITTED.
[05:44:22] [Server thread/INFO]: [WorldGuard] (world_the_end) Lava fire is blocked.
[05:44:22] [Server thread/INFO]: [WorldGuard] (world_the_end) Fire spread is UNRESTRICTED.
[05:44:22] [Server thread/INFO]: [WorldGuard] Loaded configuration for world 'world_the_end'
[05:44:22] [Server thread/INFO]: [WorldGuard] (PvP) TNT ignition is PERMITTED.
[05:44:22] [Server thread/INFO]: [WorldGuard] (PvP) Lighters are PERMITTED.
[05:44:22] [Server thread/INFO]: [WorldGuard] (PvP) Lava fire is blocked.
[05:44:22] [Server thread/INFO]: [WorldGuard] (PvP) Fire spread is UNRESTRICTED.
[05:44:22] [Server thread/INFO]: [WorldGuard] Loaded configuration for world 'PvP'
[05:44:22] [Server thread/INFO]: [WorldGuard] Loading region data...
[05:44:22] [Server thread/INFO]: [Shopkeepers] Enabling Shopkeepers v2.2.4
[05:44:23] [Server thread/WARN]: [Shopkeepers] Config: Invalid living entity type name in 'enabled-living-shops': POLAR_BEAR
[05:44:23] [Server thread/WARN]: [Shopkeepers] Config: Invalid living entity type name in 'enabled-living-shops': STRAY
[05:44:23] [Server thread/WARN]: [Shopkeepers] Config: Invalid living entity type name in 'enabled-living-shops': WITHER_SKELETON
[05:44:23] [Server thread/WARN]: [Shopkeepers] Config: Invalid living entity type name in 'enabled-living-shops': ZOMBIE_VILLAGER
[05:44:23] [Server thread/WARN]: [Shopkeepers] Config: Invalid living entity type name in 'enabled-living-shops': HUSK
[05:44:23] [Server thread/WARN]: [Shopkeepers] Config: Invalid living entity type name in 'enabled-living-shops': EVOKER
[05:44:23] [Server thread/WARN]: [Shopkeepers] Config: Invalid living entity type name in 'enabled-living-shops': VEX
[05:44:23] [Server thread/WARN]: [Shopkeepers] Config: Invalid living entity type name in 'enabled-living-shops': VINDICATOR
[05:44:23] [Server thread/WARN]: [Shopkeepers] Config: Invalid living entity type name in 'enabled-living-shops': ILLUSIONER
[05:44:23] [Server thread/WARN]: [Shopkeepers] Config: Invalid living entity type name in 'enabled-living-shops': PARROT
[05:44:23] [Server thread/WARN]: [Shopkeepers] Config: All existing entity type names can be found here: https://hub.spigotmc.org/javadocs/spigot/org/bukkit/entity/EntityType.html
[05:44:23] [Server thread/INFO]: [Shopkeepers] Loading data of 1 shopkeepers..
[05:44:23] [Server thread/INFO]: [EconomyShopGUI] Enabling EconomyShopGUI v6.8.1
[05:44:23] [Server thread/INFO]: [EconomyShopGUI] [INFO]: Using lang-en.yml as language file.
[05:44:23] [Server thread/INFO]: [EconomyShopGUI] [INFO]: Completed loading 16 section configs from /sections/
[05:44:23] [Server thread/INFO]: [EconomyShopGUI] [INFO]: Completed loading 16 shop configs from /shops/
[05:44:23] [Server thread/INFO]: [EconomyShopGUI] [INFO]: Updating Shop settings...
[05:44:23] [Server thread/INFO]: [EconomyShopGUI] [INFO]: Successfully hooked into Vault
[05:44:23] [Server thread/INFO]: [EconomyShopGUI] [INFO]: Completed loading 1 economy provider(s) for all 14 shop sections.
[05:44:23] [Server thread/INFO]: [EconomyShopGUI] [INFO]: Using minecraft version 1.8.8...
[05:44:23] [Server thread/INFO]: [EconomyShopGUI] [INFO]: Spawner provider set to AUTO in config
[05:44:23] [Server thread/INFO]: [EconomyShopGUI] [INFO]: Automatically searching for compatible spawner provider....
[05:44:23] [Server thread/INFO]: [EconomyShopGUI] [INFO]: UltimateStacker found, integrating...
[05:44:23] [Server thread/INFO]: [EconomyShopGUI] [INFO]: Using UltimateStacker as spawner provider.
[05:44:23] [Server thread/INFO]: [EconomyShopGUI] [INFO]: Debug mode is enabled.
[05:44:23] [Server thread/INFO]: [EconomyShopGUI] [INFO]: Loading all items...
[05:44:23] [Server thread/INFO]: [EconomyShopGUI] [INFO]: Initialized - Took 465ms to complete
[05:44:23] [Server thread/INFO]: [BetterRTP] Enabling BetterRTP v3.6.13
[05:44:24] [Server thread/INFO]: [BetterRTP] Cooldown = 600
[05:44:24] [Server thread/INFO]: Server permissions file permissions.yml is empty, ignoring it
[05:44:24] [Server thread/INFO]: Done (10.465s)! For help, type "help" or "?"
[05:44:24] [Server thread/INFO]: Timings Reset
[05:44:24] [Craft Scheduler Thread - 0/INFO]: [DecentHolograms] Loading holograms... 
[05:44:24] [Server thread/INFO]: [ViaVersion] ViaVersion detected server version: 1.8.x (47)
[05:44:24] [Server thread/WARN]: [ViaVersion] This version of Minecraft is extremely outdated and support for it has reached its end of life. You will still be able to run Via on this Minecraft version, but we are unlikely to provide any further fixes or help with problems specific to legacy Minecraft versions. Please consider updating to give your players a better experience and to avoid issues that have long been fixed.
[05:44:24] [Craft Scheduler Thread - 0/INFO]: [DecentHolograms] Loaded 3 holograms!
[05:44:24] [Server thread/INFO]: &xINFO » Values loaded!
[05:44:24] [Server thread/INFO]: &xINFO » Permissions registered!
[05:44:24] [Server thread/INFO]: &xINFO » Scheduler started!
[05:44:24] [Server thread/INFO]: Essentials found a compatible payment resolution method: Vault Compatibility Layer (v1.5.6-b49)!
[05:44:24] [Craft Scheduler Thread - 3/INFO]: Fetching version information...
[05:44:24] [Craft Scheduler Thread - 1/INFO]: [ViaVersion] Finished mapping loading, shutting down loader executor!
[05:44:24] [Craft Scheduler Thread - 7/INFO]: SUCCESS » ToastedAFK is up to date!
[05:44:24] [Craft Scheduler Thread - 10/INFO]: [Vault] Checking for Updates ... 
[05:44:24] [Craft Scheduler Thread - 10/WARN]: [Vault] Stable Version: 1.7.3 is out! You are still running version: 1.5.6
[05:44:24] [Craft Scheduler Thread - 10/WARN]: [Vault] Update at: http://dev.bukkit.org/server-mods/vault
[05:44:24] [Server thread/WARN]: [ViaVersion] There is a newer plugin version available: 5.0.3, you're on: 5.0.0
[05:44:26] [User Authenticator #1/INFO]: UUID of player dwaefrgt is 5dcbd570-2fd3-3680-af67-db925321439f
[05:44:27] [Server thread/INFO]: dwaefrgt[/[0:0:0:0:0:0:0:1]:58934] logged in with entity id 183 at ([world]190.5, 139.0, 438.5)
[05:44:29] [Server thread/INFO]: dwaefrgt lost connection: Disconnected
[05:44:29] [Server thread/INFO]: dwaefrgt left the game.
[05:44:42] [User Authenticator #1/INFO]: UUID of player defrgthy67u8i is cce8c9c2-7b46-3f28-8436-87782391e681
[05:44:43] [Server thread/INFO]: defrgthy67u8i[/[0:0:0:0:0:0:0:1]:33134] logged in with entity id 244 at ([world]189.5, 139.0, 437.5)
[05:44:46] [Server thread/INFO]: defrgthy67u8i lost connection: Disconnected
[05:44:46] [Server thread/INFO]: defrgthy67u8i left the game.
[05:52:13] [User Authenticator #2/INFO]: UUID of player DecapYT is 776f7ac5-4028-30de-b33f-572cfe0b3838
[05:52:13] [Server thread/INFO]: DecapYT[/[0:0:0:0:0:0:0:1]:50758] logged in with entity id 310 at ([world]196.2747726810404, 139.0, 440.2711022126102)
[05:52:32] [User Authenticator #2/INFO]: UUID of player NOOB is f7280c21-d43c-3538-9ceb-336e29e3f045
[05:52:32] [Server thread/INFO]: NOOB[/[0:0:0:0:0:0:0:1]:34164] logged in with entity id 595 at ([world]189.5, 139.0, 447.5)
[05:52:34] [Async Chat Thread - #0/INFO]: [world]<[Default]NOOB> hi!
[05:52:38] [Async Chat Thread - #0/INFO]: [world]<[Default]NOOB> it s me
[05:52:38] [Async Chat Thread - #0/INFO]: [world]<[God]DecapYT> hi
[05:52:40] [Async Chat Thread - #0/INFO]: [world]<[Default]NOOB> much
[05:52:44] [Async Chat Thread - #0/INFO]: [world]<[God]DecapYT> why u on NOOB?
[05:52:48] [Async Chat Thread - #0/INFO]: [world]<[Default]NOOB> hehe
[05:52:55] [Server thread/INFO]: DecapYT issued server command: /lp user NOOB parent Owner
[05:52:58] [Server thread/INFO]: DecapYT issued server command: /lp user NOOB parent set Owner
[05:52:58] [luckperms-command-executor/INFO]: [LP] LOG > (DecapYT) [U] (noob)
[05:52:58] [luckperms-command-executor/INFO]: [LP] LOG > parent set owner
[05:53:03] [Async Chat Thread - #0/INFO]: [world]<[Owner]NOOB> d
[05:53:05] [Async Chat Thread - #0/INFO]: [world]<[Owner]NOOB> WHTA
[05:53:09] [Async Chat Thread - #0/INFO]: [world]<[Owner]NOOB> th :)
[05:53:09] [Server thread/INFO]: DecapYT issued server command: /lp user NOOB promote default-vip
[05:53:09] [luckperms-command-executor/INFO]: [LP] LOG > (DecapYT) [U] (noob)
[05:53:09] [luckperms-command-executor/INFO]: [LP] LOG > promote default-vip
[05:53:16] [Async Chat Thread - #0/INFO]: [world]<[Owner]NOOB> f
[05:53:16] [Server thread/INFO]: DecapYT issued server command: /lp user NOOB promote vip-mod
[05:53:16] [luckperms-command-executor/INFO]: [LP] LOG > (DecapYT) [U] (noob)
[05:53:16] [luckperms-command-executor/INFO]: [LP] LOG > promote vip-mod
[05:53:20] [Async Chat Thread - #0/INFO]: [world]<[Owner]NOOB> :)
[05:53:23] [Server thread/INFO]: NOOB issued server command: /gamemode c
[05:53:24] [Server thread/INFO]: NOOB has just earned the achievement [Taking Inventory]
[05:53:29] [Server thread/INFO]: DecapYT issued server command: /lp user NOOB parent clear
[05:53:29] [luckperms-command-executor/INFO]: [LP] LOG > (DecapYT) [U] (noob)
[05:53:29] [luckperms-command-executor/INFO]: [LP] LOG > parent clear
[05:53:32] [Server thread/INFO]: DecapYT issued server command: /lp user NOOB promote vip-mod
[05:53:32] [luckperms-command-executor/INFO]: [LP] LOG > (DecapYT) [U] (noob)
[05:53:32] [luckperms-command-executor/INFO]: [LP] LOG > promote vip-mod
[05:53:44] [Async Chat Thread - #0/INFO]: [world]<[God]DecapYT> wanna help with server?
[05:53:47] [Async Chat Thread - #0/INFO]: [world]<[VIP]NOOB> yea
[05:53:48] [Async Chat Thread - #0/INFO]: [world]<[God]DecapYT> ok
[05:54:01] [Async Chat Thread - #0/INFO]: [world]<[God]DecapYT> if u get 5 players get play on here for at least 10min u get Owner
[05:54:04] [Async Chat Thread - #0/INFO]: [world]<[God]DecapYT> rank
[05:54:11] [Async Chat Thread - #0/INFO]: [world]<[God]DecapYT> i have to go
[05:54:12] [Async Chat Thread - #0/INFO]: [world]<[VIP]NOOB> wait
[05:54:17] [Async Chat Thread - #0/INFO]: [world]<[VIP]NOOB> i dont have friend :(
[05:54:17] [Async Chat Thread - #0/INFO]: [world]<[God]DecapYT> what
[05:54:20] [Async Chat Thread - #0/INFO]: [world]<[God]DecapYT> ok
[05:54:22] [Async Chat Thread - #0/INFO]: [world]<[God]DecapYT> i have to go
[05:54:25] [Async Chat Thread - #0/INFO]: [world]<[VIP]NOOB> wait
[05:54:27] [Async Chat Thread - #0/INFO]: [world]<[God]DecapYT> i will be bak
[05:54:31] [Async Chat Thread - #0/INFO]: [world]<[VIP]NOOB> wait
[05:54:37] [Async Chat Thread - #0/INFO]: [world]<[God]DecapYT> share the server ip on other servers
[05:54:40] [Async Chat Thread - #0/INFO]: [world]<[God]DecapYT> i have to go
[05:54:40] [Async Chat Thread - #0/INFO]: [world]<[VIP]NOOB> if i beat u in pvp gimme owner rank
[05:54:43] [Async Chat Thread - #0/INFO]: [world]<[God]DecapYT> i have to go
[05:54:45] [Async Chat Thread - #0/INFO]: [world]<[God]DecapYT> i have to go
[05:54:46] [Async Chat Thread - #0/INFO]: [world]<[God]DecapYT> i have to go
[05:54:46] [Async Chat Thread - #0/INFO]: [world]<[God]DecapYT> i have to go
[05:54:47] [Async Chat Thread - #0/INFO]: [world]<[God]DecapYT> i have to go
[05:54:47] [Async Chat Thread - #0/INFO]: [world]<[God]DecapYT> i have to go
[05:54:47] [Async Chat Thread - #0/INFO]: [world]<[God]DecapYT> i have to go
[05:54:48] [Async Chat Thread - #0/INFO]: [world]<[God]DecapYT> i have to go
[05:54:48] [Async Chat Thread - #0/INFO]: [world]<[VIP]NOOB> if i beat u
[05:54:49] [Async Chat Thread - #0/INFO]: [world]<[God]DecapYT> i have to go
[05:54:52] [Async Chat Thread - #0/INFO]: [world]<[God]DecapYT> nono i have to go
[05:54:53] [Async Chat Thread - #0/INFO]: [world]<[VIP]NOOB> gimme owner rank
[05:54:54] [Async Chat Thread - #0/INFO]: [world]<[God]DecapYT> like now
[05:54:56] [Async Chat Thread - #0/INFO]: [world]<[God]DecapYT> no
[05:54:57] [Async Chat Thread - #0/INFO]: [world]<[VIP]NOOB> pls
[05:54:58] [Async Chat Thread - #0/INFO]: [world]<[VIP]NOOB> pls
[05:54:59] [Async Chat Thread - #0/INFO]: [world]<[God]DecapYT> no
[05:54:59] [Async Chat Thread - #0/INFO]: [world]<[VIP]NOOB> pls
[05:55:00] [Async Chat Thread - #0/INFO]: [world]<[VIP]NOOB> pls
[05:55:01] [Async Chat Thread - #0/INFO]: [world]<[VIP]NOOB> pls
[05:55:01] [Async Chat Thread - #0/INFO]: [world]<[God]DecapYT> nononononnononononn
[05:55:02] [Async Chat Thread - #0/INFO]: [world]<[VIP]NOOB> pls
[05:55:03] [Async Chat Thread - #0/INFO]: [world]<[VIP]NOOB> pls
[05:55:03] [Async Chat Thread - #0/INFO]: [world]<[God]DecapYT> nononnononn
[05:55:03] [Async Chat Thread - #0/INFO]: [world]<[VIP]NOOB> ols
[05:55:04] [Async Chat Thread - #0/INFO]: [world]<[VIP]NOOB> pls
[05:55:05] [Async Chat Thread - #0/INFO]: [world]<[God]DecapYT> noononononononnonnnn
[05:55:07] [Async Chat Thread - #0/INFO]: [world]<[God]DecapYT> bye
[05:55:10] [Async Chat Thread - #0/INFO]: [world]<[God]DecapYT> share with otheers
[05:55:12] [Server thread/INFO]: DecapYT lost connection: Disconnected
[05:55:12] [Server thread/INFO]: DecapYT left the game.
[05:55:40] [Server thread/INFO]: NOOB issued server command: /
[05:55:44] [Server thread/INFO]: NOOB issued server command: /help
[05:55:44] [Server thread/INFO]: NOOB was denied access to command.
[05:56:32] [Server thread/INFO]: NOOB lost connection: Disconnected
[05:56:32] [Server thread/INFO]: NOOB left the game.
