[2024/09/07 05:35:08]: §9          __             _       
[2024/09/07 05:35:08]: §9  _ __   / /  ___   __ _(_)_ __  
[2024/09/07 05:35:09]: §9 | '_ \ / /  / _ \ / _` | | '_ \ 
[2024/09/07 05:35:09]: §9 | | | / /__| (_) | (_| | | | | |
[2024/09/07 05:35:09]: §9 |_| |_\____/\___/ \__, |_|_| |_|
[2024/09/07 05:35:09]: §9                  |___/            
[2024/09/07 05:35:09]: §9 By: www.nickuc.com - V 10.3.27
[2024/09/07 05:35:09]: §9 
[2024/09/07 05:35:09]: §3[nLogin] [DEBUG] All settings were loaded in 294 ms.
[2024/09/07 05:35:09]: §3[nLogin] [DEBUG] Loading the messages_en.yml message file...
[2024/09/07 05:35:09]: §3[nLogin] [DEBUG] All plugin messages were loaded in 91 ms (languageByClient=false).
[2024/09/07 05:35:09]: §3[nLogin] [DEBUG] All proxy settings were loaded in 6 ms.
[2024/09/07 05:35:09]: §3[nLogin] [DEBUG] Loading database...
[2024/09/07 05:35:09]: §3[nLogin] [DEBUG] Starting logger filter...
[2024/09/07 05:35:15]: 
[2024/09/07 05:35:15]:  §bThank you so much for choosing nLogin! §4<3
[2024/09/07 05:35:15]: 
[2024/09/07 05:35:15]:  §4For your safety, please read the message below:
[2024/09/07 05:35:15]:   §cNever download nLogin from unknown sources.
[2024/09/07 05:35:15]:   §cA modified version may contain malicious software.
[2024/09/07 05:35:15]: 
[2024/09/07 05:35:15]:  §3Trusted sources:
[2024/09/07 05:35:15]:   §bwww.nickuc.com
[2024/09/07 05:35:15]:   §bwww.github.com/nickuc
[2024/09/07 05:35:15]:   §bOpeNLogin installer (from Spigot or GitHub)
[2024/09/07 05:35:15]: 
[2024/09/07 05:35:15]:  §3Official support channels:
[2024/09/07 05:35:15]:   §bDiscord group: §fwww.nickuc.com/discord
[2024/09/07 05:35:15]:   §bDocumentation: §fdocs.nickuc.com/nlogin/
[2024/09/07 05:35:15]:   §bEmail: §fsupport@nickuc.com
[2024/09/07 05:35:15]:   §bYouTube: §fyoutube.com/nickuc
[2024/09/07 05:35:15]: 
[2024/09/07 05:35:15]:  §eTo remove this warning, log in with "nlogin.admin" permission on the server
[2024/09/07 05:35:15]:  §eand click the "Setup plugin" button to configure your plugin.
[2024/09/07 05:35:15]: 
[2024/09/07 05:35:27]: §3[nLogin] [DEBUG] [SQLite] [UPDATE]: "UPDATE `nlogin` SET `last_name` = 'DecapYT', `unique_id` = 776f7ac5402830deb33f572cfe0b3838,  `mojang_id` = null,  `bedrock_id` = null,  `password` = '$2a$10$fRl0nVYEpY8AM1dukXTU2O1mbohodru.t27ysg5M5ngcVGKYMRj/6', `last_ip` = '0:0:0:0:0:0:0:1%0', `creation_date` = 2024-09-03 06:42:12.915, `last_seen` = 2024-09-07 05:35:27.697, `email` = null, `discord` = null, `settings` = '{"settings":[{"value":"survival","key":"last-server"},{"value":"en","key":"language"}],"version":0}' WHERE `ai` = 1" (applied to [last_ip, last_seen, settings] columns)
[2024/09/07 05:35:27]: [nLogin] The user DecapYT has successfully logged in.
[2024/09/07 05:38:44]: §3[nLogin] [DEBUG] [SQLite] [UPDATE]: "UPDATE `nlogin` SET `last_name` = 'DecapYT', `unique_id` = 776f7ac5402830deb33f572cfe0b3838,  `mojang_id` = null,  `bedrock_id` = null,  `password` = '$2a$10$fRl0nVYEpY8AM1dukXTU2O1mbohodru.t27ysg5M5ngcVGKYMRj/6', `last_ip` = '0:0:0:0:0:0:0:1%0', `creation_date` = 2024-09-03 06:42:12.915, `last_seen` = 2024-09-07 05:38:44.526, `email` = null, `discord` = null, `settings` = '{"settings":[{"value":"survival","key":"last-server"},{"value":"en","key":"language"}],"version":0}' WHERE `ai` = 1" (applied to [last_seen, settings] columns)
[2024/09/07 05:43:53]: [nLogin] Update was successfully queued, do not forcibly stop your server. (v10.3.27 c6c611 => v10.3.28 fce384)
[2024/09/07 05:43:53]: [nLogin] Successful plugin core shutdown (took 0.01s)
