[2024/09/06 01:35:50]: §9          __             _       
[2024/09/06 01:35:50]: §9  _ __   / /  ___   __ _(_)_ __  
[2024/09/06 01:35:50]: §9 | '_ \ / /  / _ \ / _` | | '_ \ 
[2024/09/06 01:35:50]: §9 | | | / /__| (_) | (_| | | | | |
[2024/09/06 01:35:50]: §9 |_| |_\____/\___/ \__, |_|_| |_|
[2024/09/06 01:35:50]: §9                  |___/            
[2024/09/06 01:35:50]: §9 By: www.nickuc.com - V 10.3.27
[2024/09/06 01:35:50]: §9 
[2024/09/06 01:35:51]: §3[nLogin] [DEBUG] All settings were loaded in 677 ms.
[2024/09/06 01:35:51]: §3[nLogin] [DEBUG] Loading the messages_en.yml message file...
[2024/09/06 01:35:51]: §3[nLogin] [DEBUG] All plugin messages were loaded in 314 ms (languageByClient=false).
[2024/09/06 01:35:51]: §3[nLogin] [DEBUG] All proxy settings were loaded in 7 ms.
[2024/09/06 01:35:51]: §3[nLogin] [DEBUG] Loading database...
[2024/09/06 01:35:52]: §3[nLogin] [DEBUG] Starting logger filter...
[2024/09/06 01:35:57]: 
[2024/09/06 01:35:57]:  §bThank you so much for choosing nLogin! §4<3
[2024/09/06 01:35:57]: 
[2024/09/06 01:35:57]:  §4For your safety, please read the message below:
[2024/09/06 01:35:57]:   §cNever download nLogin from unknown sources.
[2024/09/06 01:35:57]:   §cA modified version may contain malicious software.
[2024/09/06 01:35:57]: 
[2024/09/06 01:35:57]:  §3Trusted sources:
[2024/09/06 01:35:57]:   §bwww.nickuc.com
[2024/09/06 01:35:57]:   §bwww.github.com/nickuc
[2024/09/06 01:35:57]:   §bOpeNLogin installer (from Spigot or GitHub)
[2024/09/06 01:35:57]: 
[2024/09/06 01:35:57]:  §3Official support channels:
[2024/09/06 01:35:57]:   §bDiscord group: §fwww.nickuc.com/discord
[2024/09/06 01:35:57]:   §bDocumentation: §fdocs.nickuc.com/nlogin/
[2024/09/06 01:35:57]:   §bEmail: §fsupport@nickuc.com
[2024/09/06 01:35:57]:   §bYouTube: §fyoutube.com/nickuc
[2024/09/06 01:35:57]: 
[2024/09/06 01:35:57]:  §eTo remove this warning, log in with "nlogin.admin" permission on the server
[2024/09/06 01:35:57]:  §eand click the "Setup plugin" button to configure your plugin.
[2024/09/06 01:35:57]: 
[2024/09/06 01:36:16]: §3[nLogin] [DEBUG] [SQLite] [UPDATE]: "UPDATE `nlogin` SET `last_name` = 'DecapYT', `unique_id` = 776f7ac5402830deb33f572cfe0b3838,  `mojang_id` = null,  `bedrock_id` = null,  `password` = '$2a$10$fRl0nVYEpY8AM1dukXTU2O1mbohodru.t27ysg5M5ngcVGKYMRj/6', `last_ip` = '0:0:0:0:0:0:0:1%0', `creation_date` = 2024-09-03 06:42:12.915, `last_seen` = 2024-09-06 01:36:13.25, `email` = null, `discord` = null, `settings` = '{"settings":[{"value":"survival","key":"last-server"},{"value":"en","key":"language"}],"version":0}' WHERE `ai` = 1" (applied to [last_ip, last_seen, settings] columns)
[2024/09/06 01:36:16]: [nLogin] The user DecapYT has successfully logged in.
[2024/09/06 02:11:23]: §3[nLogin] [DEBUG] [SQLite] [UPDATE]: "UPDATE `nlogin` SET `last_name` = 'DecapYT', `unique_id` = 776f7ac5402830deb33f572cfe0b3838,  `mojang_id` = null,  `bedrock_id` = null,  `password` = '$2a$10$fRl0nVYEpY8AM1dukXTU2O1mbohodru.t27ysg5M5ngcVGKYMRj/6', `last_ip` = '0:0:0:0:0:0:0:1%0', `creation_date` = 2024-09-03 06:42:12.915, `last_seen` = 2024-09-06 02:11:23.641, `email` = null, `discord` = null, `settings` = '{"settings":[{"value":"survival","key":"last-server"},{"value":"en","key":"language"}],"version":0}' WHERE `ai` = 1" (applied to [last_seen, settings] columns)
[2024/09/06 02:11:36]: §3[nLogin] [DEBUG] [SQLite] [UPDATE]: "UPDATE `nlogin` SET `last_name` = 'DecapYT', `unique_id` = 776f7ac5402830deb33f572cfe0b3838,  `mojang_id` = null,  `bedrock_id` = null,  `password` = '$2a$10$fRl0nVYEpY8AM1dukXTU2O1mbohodru.t27ysg5M5ngcVGKYMRj/6', `last_ip` = '0:0:0:0:0:0:0:1%0', `creation_date` = 2024-09-03 06:42:12.915, `last_seen` = 2024-09-06 02:11:36.744, `email` = null, `discord` = null, `settings` = '{"settings":[{"value":"survival","key":"last-server"},{"value":"en","key":"language"}],"version":0}' WHERE `ai` = 1" (applied to [last_ip, last_seen, settings] columns)
[2024/09/06 02:11:36]: [nLogin] The user DecapYT has successfully logged in.
[2024/09/06 03:21:25]: §3[nLogin] [DEBUG] [SQLite] [UPDATE]: "UPDATE `nlogin` SET `last_name` = 'Tester', `unique_id` = f3d28cb072253cb1baeb2dadd2be89ae,  `mojang_id` = null,  `bedrock_id` = null,  `password` = '$2a$10$62wfa.qDr3dpTZyrSUJkr.fj/Z1Lbdoi9fVvRB9Xh4bJg4zdN8Q8K', `last_ip` = '0:0:0:0:0:0:0:1%0', `creation_date` = 2024-09-05 04:18:34.234, `last_seen` = 2024-09-06 03:21:25.893, `email` = null, `discord` = null, `settings` = '{"settings":[{"value":"lobby","key":"last-server"},{"value":"en","key":"language"}],"version":0}' WHERE `ai` = 2" (applied to [last_ip, last_seen, settings] columns)
[2024/09/06 03:21:25]: [nLogin] The user Tester has successfully logged in.
[2024/09/06 04:25:06]: §3[nLogin] [DEBUG] [SQLite] [UPDATE]: "UPDATE `nlogin` SET `last_name` = 'Tester', `unique_id` = f3d28cb072253cb1baeb2dadd2be89ae,  `mojang_id` = null,  `bedrock_id` = null,  `password` = '$2a$10$62wfa.qDr3dpTZyrSUJkr.fj/Z1Lbdoi9fVvRB9Xh4bJg4zdN8Q8K', `last_ip` = '0:0:0:0:0:0:0:1%0', `creation_date` = 2024-09-05 04:18:34.234, `last_seen` = 2024-09-06 04:25:06.138, `email` = null, `discord` = null, `settings` = '{"settings":[{"value":"lobby","key":"last-server"},{"value":"en","key":"language"}],"version":0}' WHERE `ai` = 2" (applied to [last_seen, settings] columns)
[2024/09/06 04:45:23]: §3[nLogin] [DEBUG] [SQLite] [UPDATE]: "INSERT INTO `nlogin` (`last_name`, `unique_id`, `mojang_id`, `bedrock_id`, `password`, `last_ip`, `creation_date`, `last_seen`, `email`, `discord`, `settings`) VALUES ('raccon_of_yeeish', 21eccb8822023583b3a57067867ee787, null, null, '$2a$10$KfxO6xsxyQr4HaR59oeYs.E1VKl4OqNAh8vUBEEjNUgCWUn0Z3Q3e', '127.0.0.1', '2024-09-06 04:45:23.387', '2024-09-06 04:45:23.387', null, null, null)" (applied to all columns)
[2024/09/06 04:45:23]: §3[nLogin] [DEBUG] The raccon_of_yeeish account (OFFLINE) was registered by CONSOLE.
[2024/09/06 04:46:54]: §3[nLogin] [DEBUG] [SQLite] [UPDATE]: "INSERT INTO `nlogin` (`last_name`, `unique_id`, `mojang_id`, `bedrock_id`, `password`, `last_ip`, `creation_date`, `last_seen`, `email`, `discord`, `settings`) VALUES ('racoon_of_yeeish', 768a62793fc0375bab611976eaa6af96, null, null, '$2a$10$yqco2N2U7Y30PxwONA5Se.gvDx.i0zqHQ3pdjjmbfvXdAM8IGzTwW', '127.0.0.1', '2024-09-06 04:46:54.431', '2024-09-06 04:46:54.431', null, null, null)" (applied to all columns)
[2024/09/06 04:46:54]: §3[nLogin] [DEBUG] The racoon_of_yeeish account (OFFLINE) was registered by CONSOLE.
[2024/09/06 04:47:13]: §3[nLogin] [DEBUG] [SQLite] [UPDATE]: "UPDATE `nlogin` SET `last_name` = 'racoon_of_yeeish', `unique_id` = 768a62793fc0375bab611976eaa6af96,  `mojang_id` = null,  `bedrock_id` = null,  `password` = '$2a$10$yqco2N2U7Y30PxwONA5Se.gvDx.i0zqHQ3pdjjmbfvXdAM8IGzTwW', `last_ip` = '0:0:0:0:0:0:0:1%0', `creation_date` = 2024-09-06 04:46:54.431, `last_seen` = 2024-09-06 04:47:13.304, `email` = null, `discord` = null, `settings` = null WHERE `ai` = 5" (applied to [last_ip, last_seen, settings] columns)
[2024/09/06 04:47:13]: [nLogin] The user racoon_of_yeeish has successfully logged in.
[2024/09/06 04:53:33]: §3[nLogin] [DEBUG] [SQLite] [UPDATE]: "UPDATE `nlogin` SET `last_name` = 'racoon_of_yeeish', `unique_id` = 768a62793fc0375bab611976eaa6af96,  `mojang_id` = null,  `bedrock_id` = null,  `password` = '$2a$10$yqco2N2U7Y30PxwONA5Se.gvDx.i0zqHQ3pdjjmbfvXdAM8IGzTwW', `last_ip` = '0:0:0:0:0:0:0:1%0', `creation_date` = 2024-09-06 04:46:54.431, `last_seen` = 2024-09-06 04:53:33.487, `email` = null, `discord` = null, `settings` = '{"settings":[{"value":"survival","key":"last-server"},{"value":"en","key":"language"}],"version":0}' WHERE `ai` = 5" (applied to [last_seen, settings] columns)
[2024/09/06 04:53:57]: §3[nLogin] [DEBUG] [SQLite] [UPDATE]: "UPDATE `nlogin` SET `last_name` = 'DecapYT', `unique_id` = 776f7ac5402830deb33f572cfe0b3838,  `mojang_id` = null,  `bedrock_id` = null,  `password` = '$2a$10$fRl0nVYEpY8AM1dukXTU2O1mbohodru.t27ysg5M5ngcVGKYMRj/6', `last_ip` = '0:0:0:0:0:0:0:1%0', `creation_date` = 2024-09-03 06:42:12.915, `last_seen` = 2024-09-06 04:53:57.092, `email` = null, `discord` = null, `settings` = '{"settings":[{"value":"survival","key":"last-server"},{"value":"en","key":"language"}],"version":0}' WHERE `ai` = 1" (applied to [last_seen, settings] columns)
[2024/09/06 05:02:47]: §3[nLogin] [DEBUG] [SQLite] [UPDATE]: "UPDATE `nlogin` SET `last_name` = 'racoon_of_yeeish', `unique_id` = 768a62793fc0375bab611976eaa6af96,  `mojang_id` = null,  `bedrock_id` = null,  `password` = '$2a$10$yqco2N2U7Y30PxwONA5Se.gvDx.i0zqHQ3pdjjmbfvXdAM8IGzTwW', `last_ip` = '0:0:0:0:0:0:0:1%0', `creation_date` = 2024-09-06 04:46:54.431, `last_seen` = 2024-09-06 05:02:47.555, `email` = null, `discord` = null, `settings` = '{"settings":[{"value":"survival","key":"last-server"},{"value":"en","key":"language"}],"version":0}' WHERE `ai` = 5" (applied to [last_ip, last_seen, settings] columns)
[2024/09/06 05:02:47]: [nLogin] The user racoon_of_yeeish has successfully logged in.
[2024/09/06 05:19:46]: §3[nLogin] [DEBUG] [SQLite] [UPDATE]: "UPDATE `nlogin` SET `last_name` = 'racoon_of_yeeish', `unique_id` = 768a62793fc0375bab611976eaa6af96,  `mojang_id` = null,  `bedrock_id` = null,  `password` = '$2a$10$yqco2N2U7Y30PxwONA5Se.gvDx.i0zqHQ3pdjjmbfvXdAM8IGzTwW', `last_ip` = '0:0:0:0:0:0:0:1%0', `creation_date` = 2024-09-06 04:46:54.431, `last_seen` = 2024-09-06 05:19:46.429, `email` = null, `discord` = null, `settings` = '{"settings":[{"value":"survival","key":"last-server"},{"value":"en","key":"language"}],"version":0}' WHERE `ai` = 5" (applied to [last_seen, settings] columns)
[2024/09/06 05:21:27]: §3[nLogin] [DEBUG] [SQLite] [UPDATE]: "UPDATE `nlogin` SET `last_name` = 'racoon_of_yeeish', `unique_id` = 768a62793fc0375bab611976eaa6af96,  `mojang_id` = null,  `bedrock_id` = null,  `password` = '$2a$10$yqco2N2U7Y30PxwONA5Se.gvDx.i0zqHQ3pdjjmbfvXdAM8IGzTwW', `last_ip` = '0:0:0:0:0:0:0:1%0', `creation_date` = 2024-09-06 04:46:54.431, `last_seen` = 2024-09-06 05:21:27.389, `email` = null, `discord` = null, `settings` = '{"settings":[{"value":"survival","key":"last-server"},{"value":"en","key":"language"}],"version":0}' WHERE `ai` = 5" (applied to [last_ip, last_seen, settings] columns)
[2024/09/06 05:21:27]: [nLogin] The user racoon_of_yeeish has successfully logged in.
[2024/09/06 05:23:05]: §3[nLogin] [DEBUG] [SQLite] [UPDATE]: "UPDATE `nlogin` SET `last_name` = 'DecapYT', `unique_id` = 776f7ac5402830deb33f572cfe0b3838,  `mojang_id` = null,  `bedrock_id` = null,  `password` = '$2a$10$fRl0nVYEpY8AM1dukXTU2O1mbohodru.t27ysg5M5ngcVGKYMRj/6', `last_ip` = '0:0:0:0:0:0:0:1%0', `creation_date` = 2024-09-03 06:42:12.915, `last_seen` = 2024-09-06 05:23:05.163, `email` = null, `discord` = null, `settings` = '{"settings":[{"value":"survival","key":"last-server"},{"value":"en","key":"language"}],"version":0}' WHERE `ai` = 1" (applied to [last_ip, last_seen, settings] columns)
[2024/09/06 05:23:05]: [nLogin] The user DecapYT has successfully logged in.
[2024/09/06 05:27:24]: §3[nLogin] [DEBUG] [SQLite] [UPDATE]: "UPDATE `nlogin` SET `last_name` = 'racoon_of_yeeish', `unique_id` = 768a62793fc0375bab611976eaa6af96,  `mojang_id` = null,  `bedrock_id` = null,  `password` = '$2a$10$yqco2N2U7Y30PxwONA5Se.gvDx.i0zqHQ3pdjjmbfvXdAM8IGzTwW', `last_ip` = '0:0:0:0:0:0:0:1%0', `creation_date` = 2024-09-06 04:46:54.431, `last_seen` = 2024-09-06 05:27:23.961, `email` = null, `discord` = null, `settings` = '{"settings":[{"value":"lobby","key":"last-server"},{"value":"en","key":"language"}],"version":0}' WHERE `ai` = 5" (applied to [last_seen, settings] columns)
[2024/09/06 05:27:32]: §3[nLogin] [DEBUG] [SQLite] [UPDATE]: "UPDATE `nlogin` SET `last_name` = 'racoon_of_yeeish', `unique_id` = 768a62793fc0375bab611976eaa6af96,  `mojang_id` = null,  `bedrock_id` = null,  `password` = '$2a$10$yqco2N2U7Y30PxwONA5Se.gvDx.i0zqHQ3pdjjmbfvXdAM8IGzTwW', `last_ip` = '0:0:0:0:0:0:0:1%0', `creation_date` = 2024-09-06 04:46:54.431, `last_seen` = 2024-09-06 05:27:32.092, `email` = null, `discord` = null, `settings` = '{"settings":[{"value":"lobby","key":"last-server"},{"value":"en","key":"language"}],"version":0}' WHERE `ai` = 5" (applied to [last_ip, last_seen, settings] columns)
[2024/09/06 05:27:32]: [nLogin] The user racoon_of_yeeish has successfully logged in.
[2024/09/06 05:30:50]: §3[nLogin] [DEBUG] [SQLite] [UPDATE]: "UPDATE `nlogin` SET `last_name` = 'racoon_of_yeeish', `unique_id` = 768a62793fc0375bab611976eaa6af96,  `mojang_id` = null,  `bedrock_id` = null,  `password` = '$2a$10$yqco2N2U7Y30PxwONA5Se.gvDx.i0zqHQ3pdjjmbfvXdAM8IGzTwW', `last_ip` = '0:0:0:0:0:0:0:1%0', `creation_date` = 2024-09-06 04:46:54.431, `last_seen` = 2024-09-06 05:30:50.791, `email` = null, `discord` = null, `settings` = '{"settings":[{"value":"lobby","key":"last-server"},{"value":"en","key":"language"}],"version":0}' WHERE `ai` = 5" (applied to [last_seen, settings] columns)
[2024/09/06 05:30:56]: §3[nLogin] [DEBUG] [SQLite] [UPDATE]: "UPDATE `nlogin` SET `last_name` = 'racoon_of_yeeish', `unique_id` = 768a62793fc0375bab611976eaa6af96,  `mojang_id` = null,  `bedrock_id` = null,  `password` = '$2a$10$yqco2N2U7Y30PxwONA5Se.gvDx.i0zqHQ3pdjjmbfvXdAM8IGzTwW', `last_ip` = '0:0:0:0:0:0:0:1%0', `creation_date` = 2024-09-06 04:46:54.431, `last_seen` = 2024-09-06 05:30:56.426, `email` = null, `discord` = null, `settings` = '{"settings":[{"value":"lobby","key":"last-server"},{"value":"en","key":"language"}],"version":0}' WHERE `ai` = 5" (applied to [last_ip, last_seen, settings] columns)
[2024/09/06 05:30:56]: [nLogin] The user racoon_of_yeeish has successfully logged in.
[2024/09/06 05:31:02]: §3[nLogin] [DEBUG] [SQLite] [UPDATE]: "UPDATE `nlogin` SET `last_name` = 'racoon_of_yeeish', `unique_id` = 768a62793fc0375bab611976eaa6af96,  `mojang_id` = null,  `bedrock_id` = null,  `password` = '$2a$10$yqco2N2U7Y30PxwONA5Se.gvDx.i0zqHQ3pdjjmbfvXdAM8IGzTwW', `last_ip` = '0:0:0:0:0:0:0:1%0', `creation_date` = 2024-09-06 04:46:54.431, `last_seen` = 2024-09-06 05:31:02.275, `email` = null, `discord` = null, `settings` = '{"settings":[{"value":"lobby","key":"last-server"},{"value":"en","key":"language"}],"version":0}' WHERE `ai` = 5" (applied to [last_seen, settings] columns)
[2024/09/06 05:31:07]: §3[nLogin] [DEBUG] [SQLite] [UPDATE]: "UPDATE `nlogin` SET `last_name` = 'racoon_of_yeeish', `unique_id` = 768a62793fc0375bab611976eaa6af96,  `mojang_id` = null,  `bedrock_id` = null,  `password` = '$2a$10$yqco2N2U7Y30PxwONA5Se.gvDx.i0zqHQ3pdjjmbfvXdAM8IGzTwW', `last_ip` = '0:0:0:0:0:0:0:1%0', `creation_date` = 2024-09-06 04:46:54.431, `last_seen` = 2024-09-06 05:31:07.414, `email` = null, `discord` = null, `settings` = '{"settings":[{"value":"lobby","key":"last-server"},{"value":"en","key":"language"}],"version":0}' WHERE `ai` = 5" (applied to [last_ip, last_seen, settings] columns)
[2024/09/06 05:31:07]: [nLogin] The user racoon_of_yeeish has successfully logged in.
[2024/09/06 05:31:14]: §3[nLogin] [DEBUG] [SQLite] [UPDATE]: "UPDATE `nlogin` SET `last_name` = 'racoon_of_yeeish', `unique_id` = 768a62793fc0375bab611976eaa6af96,  `mojang_id` = null,  `bedrock_id` = null,  `password` = '$2a$10$yqco2N2U7Y30PxwONA5Se.gvDx.i0zqHQ3pdjjmbfvXdAM8IGzTwW', `last_ip` = '0:0:0:0:0:0:0:1%0', `creation_date` = 2024-09-06 04:46:54.431, `last_seen` = 2024-09-06 05:31:14.263, `email` = null, `discord` = null, `settings` = '{"settings":[{"value":"lobby","key":"last-server"},{"value":"en","key":"language"}],"version":0}' WHERE `ai` = 5" (applied to [last_seen, settings] columns)
[2024/09/06 05:31:23]: §3[nLogin] [DEBUG] [SQLite] [UPDATE]: "UPDATE `nlogin` SET `last_name` = 'racoon_of_yeeish', `unique_id` = 768a62793fc0375bab611976eaa6af96,  `mojang_id` = null,  `bedrock_id` = null,  `password` = '$2a$10$yqco2N2U7Y30PxwONA5Se.gvDx.i0zqHQ3pdjjmbfvXdAM8IGzTwW', `last_ip` = '0:0:0:0:0:0:0:1%0', `creation_date` = 2024-09-06 04:46:54.431, `last_seen` = 2024-09-06 05:31:23.09, `email` = null, `discord` = null, `settings` = '{"settings":[{"value":"lobby","key":"last-server"},{"value":"en","key":"language"}],"version":0}' WHERE `ai` = 5" (applied to [last_ip, last_seen, settings] columns)
[2024/09/06 05:31:23]: [nLogin] The user racoon_of_yeeish has successfully logged in.
[2024/09/06 05:54:59]: §3[nLogin] [DEBUG] [SQLite] [UPDATE]: "UPDATE `nlogin` SET `last_name` = 'racoon_of_yeeish', `unique_id` = 768a62793fc0375bab611976eaa6af96,  `mojang_id` = null,  `bedrock_id` = null,  `password` = '$2a$10$yqco2N2U7Y30PxwONA5Se.gvDx.i0zqHQ3pdjjmbfvXdAM8IGzTwW', `last_ip` = '0:0:0:0:0:0:0:1%0', `creation_date` = 2024-09-06 04:46:54.431, `last_seen` = 2024-09-06 05:54:59.695, `email` = null, `discord` = null, `settings` = '{"settings":[{"value":"survival","key":"last-server"},{"value":"en","key":"language"}],"version":0}' WHERE `ai` = 5" (applied to [last_seen, settings] columns)
[2024/09/06 05:55:07]: §3[nLogin] [DEBUG] [SQLite] [UPDATE]: "UPDATE `nlogin` SET `last_name` = 'racoon_of_yeeish', `unique_id` = 768a62793fc0375bab611976eaa6af96,  `mojang_id` = null,  `bedrock_id` = null,  `password` = '$2a$10$yqco2N2U7Y30PxwONA5Se.gvDx.i0zqHQ3pdjjmbfvXdAM8IGzTwW', `last_ip` = '0:0:0:0:0:0:0:1%0', `creation_date` = 2024-09-06 04:46:54.431, `last_seen` = 2024-09-06 05:55:07.579, `email` = null, `discord` = null, `settings` = '{"settings":[{"value":"survival","key":"last-server"},{"value":"en","key":"language"}],"version":0}' WHERE `ai` = 5" (applied to [last_ip, last_seen, settings] columns)
[2024/09/06 05:55:07]: [nLogin] The user racoon_of_yeeish has successfully logged in.
[2024/09/06 06:42:43]: §3[nLogin] [DEBUG] [SQLite] [UPDATE]: "UPDATE `nlogin` SET `last_name` = 'racoon_of_yeeish', `unique_id` = 768a62793fc0375bab611976eaa6af96,  `mojang_id` = null,  `bedrock_id` = null,  `password` = '$2a$10$yqco2N2U7Y30PxwONA5Se.gvDx.i0zqHQ3pdjjmbfvXdAM8IGzTwW', `last_ip` = '0:0:0:0:0:0:0:1%0', `creation_date` = 2024-09-06 04:46:54.431, `last_seen` = 2024-09-06 06:42:43.181, `email` = null, `discord` = null, `settings` = '{"settings":[{"value":"survival","key":"last-server"},{"value":"en","key":"language"}],"version":0}' WHERE `ai` = 5" (applied to [last_seen, settings] columns)
[2024/09/06 06:43:16]: §3[nLogin] [DEBUG] [SQLite] [UPDATE]: "UPDATE `nlogin` SET `last_name` = 'racoon_of_yeeish', `unique_id` = 768a62793fc0375bab611976eaa6af96,  `mojang_id` = null,  `bedrock_id` = null,  `password` = '$2a$10$yqco2N2U7Y30PxwONA5Se.gvDx.i0zqHQ3pdjjmbfvXdAM8IGzTwW', `last_ip` = '0:0:0:0:0:0:0:1%0', `creation_date` = 2024-09-06 04:46:54.431, `last_seen` = 2024-09-06 06:43:16.3, `email` = null, `discord` = null, `settings` = '{"settings":[{"value":"survival","key":"last-server"},{"value":"en","key":"language"}],"version":0}' WHERE `ai` = 5" (applied to [last_ip, last_seen, settings] columns)
[2024/09/06 06:43:16]: [nLogin] The user racoon_of_yeeish has successfully logged in.
[2024/09/06 06:48:58]: §3[nLogin] [DEBUG] [SQLite] [UPDATE]: "UPDATE `nlogin` SET `last_name` = 'racoon_of_yeeish', `unique_id` = 768a62793fc0375bab611976eaa6af96,  `mojang_id` = null,  `bedrock_id` = null,  `password` = '$2a$10$yqco2N2U7Y30PxwONA5Se.gvDx.i0zqHQ3pdjjmbfvXdAM8IGzTwW', `last_ip` = '0:0:0:0:0:0:0:1%0', `creation_date` = 2024-09-06 04:46:54.431, `last_seen` = 2024-09-06 06:48:58.872, `email` = null, `discord` = null, `settings` = '{"settings":[{"value":"survival","key":"last-server"},{"value":"en","key":"language"}],"version":0}' WHERE `ai` = 5" (applied to [last_seen, settings] columns)
[2024/09/06 06:49:58]: §3[nLogin] [DEBUG] [SQLite] [UPDATE]: "UPDATE `nlogin` SET `last_name` = 'DecapYT', `unique_id` = 776f7ac5402830deb33f572cfe0b3838,  `mojang_id` = null,  `bedrock_id` = null,  `password` = '$2a$10$fRl0nVYEpY8AM1dukXTU2O1mbohodru.t27ysg5M5ngcVGKYMRj/6', `last_ip` = '0:0:0:0:0:0:0:1%0', `creation_date` = 2024-09-03 06:42:12.915, `last_seen` = 2024-09-06 06:49:58.639, `email` = null, `discord` = null, `settings` = '{"settings":[{"value":"survival","key":"last-server"},{"value":"en","key":"language"}],"version":0}' WHERE `ai` = 1" (applied to [last_seen, settings] columns)
[2024/09/06 06:56:57]: §3[nLogin] [DEBUG] [SQLite] [UPDATE]: "UPDATE `nlogin` SET `last_name` = 'racoon_of_yeeish', `unique_id` = 768a62793fc0375bab611976eaa6af96,  `mojang_id` = null,  `bedrock_id` = null,  `password` = '$2a$10$yqco2N2U7Y30PxwONA5Se.gvDx.i0zqHQ3pdjjmbfvXdAM8IGzTwW', `last_ip` = '0:0:0:0:0:0:0:1%0', `creation_date` = 2024-09-06 04:46:54.431, `last_seen` = 2024-09-06 06:56:57.289, `email` = null, `discord` = null, `settings` = '{"settings":[{"value":"survival","key":"last-server"},{"value":"en","key":"language"}],"version":0}' WHERE `ai` = 5" (applied to [last_ip, last_seen, settings] columns)
[2024/09/06 06:56:57]: [nLogin] The user racoon_of_yeeish has successfully logged in.
[2024/09/06 07:09:19]: §3[nLogin] [DEBUG] [SQLite] [UPDATE]: "UPDATE `nlogin` SET `last_name` = 'racoon_of_yeeish', `unique_id` = 768a62793fc0375bab611976eaa6af96,  `mojang_id` = null,  `bedrock_id` = null,  `password` = '$2a$10$yqco2N2U7Y30PxwONA5Se.gvDx.i0zqHQ3pdjjmbfvXdAM8IGzTwW', `last_ip` = '0:0:0:0:0:0:0:1%0', `creation_date` = 2024-09-06 04:46:54.431, `last_seen` = 2024-09-06 07:09:19.244, `email` = null, `discord` = null, `settings` = '{"settings":[{"value":"survival","key":"last-server"},{"value":"en","key":"language"}],"version":0}' WHERE `ai` = 5" (applied to [last_seen, settings] columns)
