[2024/09/03 06:33:25]: §9          __             _       
[2024/09/03 06:33:25]: §9  _ __   / /  ___   __ _(_)_ __  
[2024/09/03 06:33:25]: §9 | '_ \ / /  / _ \ / _` | | '_ \ 
[2024/09/03 06:33:25]: §9 | | | / /__| (_) | (_| | | | | |
[2024/09/03 06:33:25]: §9 |_| |_\____/\___/ \__, |_|_| |_|
[2024/09/03 06:33:25]: §9                  |___/            
[2024/09/03 06:33:25]: §9 By: www.nickuc.com - V 10.3.27
[2024/09/03 06:33:25]: §9 
[2024/09/03 06:33:26]: §3[nLogin] [DEBUG] All settings were loaded in 219 ms.
[2024/09/03 06:33:26]: §3[nLogin] [DEBUG] Loading the messages_en.yml message file...
[2024/09/03 06:33:26]: §3[nLogin] [DEBUG] All plugin messages were loaded in 125 ms (languageByClient=false).
[2024/09/03 06:33:26]: §3[nLogin] [DEBUG] All proxy settings were loaded in 14 ms.
[2024/09/03 06:33:26]: §3[nLogin] [DEBUG] Loading database...
[2024/09/03 06:33:26]: [nLogin] Generating RSA keypair... (this may take a while)
[2024/09/03 06:33:29]: [nLogin] Download finished (took 3399ms, hash = bcdd0d07f4e3098e91cba27994818024b78ad4e137c7b7eb64a04b4aa8b23c2b)
[2024/09/03 06:33:29]: [nLogin] The RSA key pair was successfully generated. Took 3.22s
[2024/09/03 06:33:30]: §3[nLogin] [DEBUG] Starting logger filter...
[2024/09/03 06:33:35]: 
[2024/09/03 06:33:35]:  §bThank you so much for choosing nLogin! §4<3
[2024/09/03 06:33:35]: 
[2024/09/03 06:33:35]:  §4For your safety, please read the message below:
[2024/09/03 06:33:35]:   §cNever download nLogin from unknown sources.
[2024/09/03 06:33:35]:   §cA modified version may contain malicious software.
[2024/09/03 06:33:35]: 
[2024/09/03 06:33:35]:  §3Trusted sources:
[2024/09/03 06:33:35]:   §bwww.nickuc.com
[2024/09/03 06:33:35]:   §bwww.github.com/nickuc
[2024/09/03 06:33:35]:   §bOpeNLogin installer (from Spigot or GitHub)
[2024/09/03 06:33:35]: 
[2024/09/03 06:33:35]:  §3Official support channels:
[2024/09/03 06:33:35]:   §bDiscord group: §fwww.nickuc.com/discord
[2024/09/03 06:33:35]:   §bDocumentation: §fdocs.nickuc.com/nlogin/
[2024/09/03 06:33:35]:   §bEmail: §fsupport@nickuc.com
[2024/09/03 06:33:35]:   §bYouTube: §fyoutube.com/nickuc
[2024/09/03 06:33:35]: 
[2024/09/03 06:33:35]:  §eTo remove this warning, log in with "nlogin.admin" permission on the server
[2024/09/03 06:33:35]:  §eand click the "Setup plugin" button to configure your plugin.
[2024/09/03 06:33:35]: 
[2024/09/03 06:42:13]: §3[nLogin] [DEBUG] [SQLite] [UPDATE]: "INSERT INTO `nlogin` (`last_name`, `unique_id`, `mojang_id`, `bedrock_id`, `password`, `last_ip`, `creation_date`, `last_seen`, `email`, `discord`, `settings`) VALUES ('DecapYT', 776f7ac5402830deb33f572cfe0b3838, null, null, '$2a$10$fRl0nVYEpY8AM1dukXTU2O1mbohodru.t27ysg5M5ngcVGKYMRj/6', '0:0:0:0:0:0:0:1%0', '2024-09-03 06:42:12.915', '2024-09-03 06:42:12.915', null, null, null)" (applied to all columns)
[2024/09/03 06:42:13]: [nLogin] The user DecapYT has successfully registered.
[2024/09/03 06:56:32]: §3[nLogin] [DEBUG] [SQLite] [UPDATE]: "UPDATE `nlogin` SET `last_name` = 'DecapYT', `unique_id` = 776f7ac5402830deb33f572cfe0b3838,  `mojang_id` = null,  `bedrock_id` = null,  `password` = '$2a$10$fRl0nVYEpY8AM1dukXTU2O1mbohodru.t27ysg5M5ngcVGKYMRj/6', `last_ip` = '0:0:0:0:0:0:0:1%0', `creation_date` = 2024-09-03 06:42:12.915, `last_seen` = 2024-09-03 06:56:32.265, `email` = null, `discord` = null, `settings` = '{"settings":[{"value":"survival","key":"last-server"},{"value":"en","key":"language"}],"version":0}' WHERE `ai` = 1" (applied to [last_seen, settings] columns)
[2024/09/03 08:09:26]: §3[nLogin] [DEBUG] [SQLite] [UPDATE]: "UPDATE `nlogin` SET `last_name` = 'DecapYT', `unique_id` = 776f7ac5402830deb33f572cfe0b3838,  `mojang_id` = null,  `bedrock_id` = null,  `password` = '$2a$10$fRl0nVYEpY8AM1dukXTU2O1mbohodru.t27ysg5M5ngcVGKYMRj/6', `last_ip` = '0:0:0:0:0:0:0:1%0', `creation_date` = 2024-09-03 06:42:12.915, `last_seen` = 2024-09-03 08:09:26.751, `email` = null, `discord` = null, `settings` = '{"settings":[{"value":"survival","key":"last-server"},{"value":"en","key":"language"}],"version":0}' WHERE `ai` = 1" (applied to [last_ip, last_seen, settings] columns)
[2024/09/03 08:09:26]: [nLogin] The user DecapYT has successfully logged in.
[2024/09/03 08:13:43]: §3[nLogin] [DEBUG] [SQLite] [UPDATE]: "UPDATE `nlogin` SET `last_name` = 'DecapYT', `unique_id` = 776f7ac5402830deb33f572cfe0b3838,  `mojang_id` = null,  `bedrock_id` = null,  `password` = '$2a$10$fRl0nVYEpY8AM1dukXTU2O1mbohodru.t27ysg5M5ngcVGKYMRj/6', `last_ip` = '0:0:0:0:0:0:0:1%0', `creation_date` = 2024-09-03 06:42:12.915, `last_seen` = 2024-09-03 08:13:43.87, `email` = null, `discord` = null, `settings` = '{"settings":[{"value":"survival","key":"last-server"},{"value":"en","key":"language"}],"version":0}' WHERE `ai` = 1" (applied to [last_seen, settings] columns)
