[2024-09-06 05:46:34] [INFO]:
Spectator UUID: 776f7ac5-4028-30de-b33f-572cfe0b3838
Spectator Name: DecapYT
Taken         : [DIAMOND_HELMET & UNSPECIFIC_META:{meta-type=UNSPECIFIC, lore=[The Holy Mythical Armour of Racoon_of_yeeish], enchants={PROTECTION_ENVIRONMENTAL=38527, DURABILITY=51711, THORNS=51711}, internal=H4sIAAAAAAAA/+NiYGBk4MjNL0tNTMpJZWQAALp7gm0QAAAA} x 1, DIAMOND_CHESTPLATE & UNSPECIFIC_META:{meta-type=UNSPECIFIC, lore=[The Holy Mythical Armour of Racoon_of_yeeish], enchants={PROTECTION_ENVIRONMENTAL=38527, DURABILITY=51711, THORNS=51711}, internal=H4sIAAAAAAAA/+NiYGBk4MjNL0tNTMpJZWQAALp7gm0QAAAA} x 1, DIAMOND_LEGGINGS & UNSPECIFIC_META:{meta-type=UNSPECIFIC, lore=[The Holy Mythical Armour of Racoon_of_yeeish], enchants={PROTECTION_ENVIRONMENTAL=38527, DURABILITY=51711, THORNS=51711}, internal=H4sIAAAAAAAA/+NiYGBk4MjNL0tNTMpJZWQAALp7gm0QAAAA} x 1, DIAMOND_BOOTS & UNSPECIFIC_META:{meta-type=UNSPECIFIC, lore=[The Holy Mythical Armour of Racoon_of_yeeish], enchants={PROTECTION_ENVIRONMENTAL=38527, DURABILITY=51711, THORNS=51711}} x 1]
Given         : []
Target        : racoon_of_yeeish
[2024-09-06 05:46:34] [INFO]:
Spectator UUID: 776f7ac5-4028-30de-b33f-572cfe0b3838
Spectator Name: DecapYT
Taken         : [DIAMOND_HELMET & UNSPECIFIC_META:{meta-type=UNSPECIFIC, lore=[The Holy Mythical Armour of Racoon_of_yeeish], enchants={PROTECTION_ENVIRONMENTAL=38527, DURABILITY=51711, THORNS=51711}, internal=H4sIAAAAAAAA/+NiYGBk4MjNL0tNTMpJZWQAALp7gm0QAAAA} x 1, DIAMOND_CHESTPLATE & UNSPECIFIC_META:{meta-type=UNSPECIFIC, lore=[The Holy Mythical Armour of Racoon_of_yeeish], enchants={PROTECTION_ENVIRONMENTAL=38527, DURABILITY=51711, THORNS=51711}, internal=H4sIAAAAAAAA/+NiYGBk4MjNL0tNTMpJZWQAALp7gm0QAAAA} x 1, DIAMOND_LEGGINGS & UNSPECIFIC_META:{meta-type=UNSPECIFIC, lore=[The Holy Mythical Armour of Racoon_of_yeeish], enchants={PROTECTION_ENVIRONMENTAL=38527, DURABILITY=51711, THORNS=51711}, internal=H4sIAAAAAAAA/+NiYGBk4MjNL0tNTMpJZWQAALp7gm0QAAAA} x 1, DIAMOND_BOOTS & UNSPECIFIC_META:{meta-type=UNSPECIFIC, lore=[The Holy Mythical Armour of Racoon_of_yeeish], enchants={PROTECTION_ENVIRONMENTAL=38527, DURABILITY=51711, THORNS=51711}} x 1]
Given         : []
Target        : racoon_of_yeeish
[2024-09-06 05:55:51] [INFO]:
Spectator UUID: 768a6279-3fc0-375b-ab61-1976eaa6af96
Spectator Name: racoon_of_yeeish
Taken         : [WOOD_AXE x 1]
Given         : []
Target        : DecapYT
[2024-09-06 05:58:24] [INFO]:
Spectator UUID: 776f7ac5-4028-30de-b33f-572cfe0b3838
Spectator Name: DecapYT
Taken         : [DIAMOND_SWORD & UNSPECIFIC_META:{meta-type=UNSPECIFIC, lore=[racoon is W], enchants={DAMAGE_ALL=51711, DURABILITY=3, KNOCKBACK=51711, FIRE_ASPECT=2, LOOT_BONUS_MOBS=3}} x 1]
Given         : []
Target        : racoon_of_yeeish
[2024-09-06 05:59:07] [INFO]:
Spectator UUID: 768a6279-3fc0-375b-ab61-1976eaa6af96
Spectator Name: racoon_of_yeeish
Taken         : [DIAMOND_SWORD & UNSPECIFIC_META:{meta-type=UNSPECIFIC, lore=[racoon is W], enchants={DAMAGE_ALL=51711, DURABILITY=3, KNOCKBACK=51711, FIRE_ASPECT=2, LOOT_BONUS_MOBS=3}} x 1]
Given         : []
Target        : DecapYT
[2024-09-06 06:00:40] [INFO]:
Spectator UUID: 776f7ac5-4028-30de-b33f-572cfe0b3838
Spectator Name: DecapYT
Taken         : [DIAMOND_SWORD & UNSPECIFIC_META:{meta-type=UNSPECIFIC, lore=[racoon is W], enchants={DAMAGE_ALL=51711, DURABILITY=3, KNOCKBACK=51711, FIRE_ASPECT=2, LOOT_BONUS_MOBS=3}} x 1]
Given         : []
Target        : racoon_of_yeeish
[2024-09-06 06:00:57] [INFO]:
Spectator UUID: 776f7ac5-4028-30de-b33f-572cfe0b3838
Spectator Name: DecapYT
Taken         : [DIAMOND_HELMET & UNSPECIFIC_META:{meta-type=UNSPECIFIC, lore=[The Holy Mythical Armour of Racoon_of_yeeish], enchants={PROTECTION_ENVIRONMENTAL=38527, DURABILITY=51711, THORNS=16959}, internal=H4sIAAAAAAAA/+NiYGBk4MjNL0tNTMpJZWQAALp7gm0QAAAA} x 1, DIAMOND_CHESTPLATE & UNSPECIFIC_META:{meta-type=UNSPECIFIC, lore=[The Holy Mythical Armour of Racoon_of_yeeish], enchants={PROTECTION_ENVIRONMENTAL=38527, DURABILITY=51711, THORNS=16959}, internal=H4sIAAAAAAAA/+NiYGBk4MjNL0tNTMpJZWQAALp7gm0QAAAA} x 1, DIAMOND_LEGGINGS & UNSPECIFIC_META:{meta-type=UNSPECIFIC, lore=[The Holy Mythical Armour of Racoon_of_yeeish], enchants={PROTECTION_ENVIRONMENTAL=38527, DURABILITY=51711, THORNS=16959}, internal=H4sIAAAAAAAA/+NiYGBk4MjNL0tNTMpJZWQAALp7gm0QAAAA} x 1, DIAMOND_BOOTS & UNSPECIFIC_META:{meta-type=UNSPECIFIC, lore=[The Holy Mythical Armour of Racoon_of_yeeish], enchants={PROTECTION_ENVIRONMENTAL=38527, DURABILITY=51711, THORNS=16959}} x 1]
Given         : []
Target        : racoon_of_yeeish
[2024-09-06 06:00:57] [INFO]:
Spectator UUID: 776f7ac5-4028-30de-b33f-572cfe0b3838
Spectator Name: DecapYT
Taken         : [DIAMOND_HELMET & UNSPECIFIC_META:{meta-type=UNSPECIFIC, lore=[The Holy Mythical Armour of Racoon_of_yeeish], enchants={PROTECTION_ENVIRONMENTAL=38527, DURABILITY=51711, THORNS=16959}, internal=H4sIAAAAAAAA/+NiYGBk4MjNL0tNTMpJZWQAALp7gm0QAAAA} x 1, DIAMOND_CHESTPLATE & UNSPECIFIC_META:{meta-type=UNSPECIFIC, lore=[The Holy Mythical Armour of Racoon_of_yeeish], enchants={PROTECTION_ENVIRONMENTAL=38527, DURABILITY=51711, THORNS=16959}, internal=H4sIAAAAAAAA/+NiYGBk4MjNL0tNTMpJZWQAALp7gm0QAAAA} x 1, DIAMOND_LEGGINGS & UNSPECIFIC_META:{meta-type=UNSPECIFIC, lore=[The Holy Mythical Armour of Racoon_of_yeeish], enchants={PROTECTION_ENVIRONMENTAL=38527, DURABILITY=51711, THORNS=16959}, internal=H4sIAAAAAAAA/+NiYGBk4MjNL0tNTMpJZWQAALp7gm0QAAAA} x 1, DIAMOND_BOOTS & UNSPECIFIC_META:{meta-type=UNSPECIFIC, lore=[The Holy Mythical Armour of Racoon_of_yeeish], enchants={PROTECTION_ENVIRONMENTAL=38527, DURABILITY=51711, THORNS=16959}} x 1]
Given         : []
Target        : racoon_of_yeeish
[2024-09-06 06:01:06] [INFO]:
Spectator UUID: 768a6279-3fc0-375b-ab61-1976eaa6af96
Spectator Name: racoon_of_yeeish
Taken         : [DIAMOND_SWORD & UNSPECIFIC_META:{meta-type=UNSPECIFIC, lore=[racoon is W], enchants={DAMAGE_ALL=51711, DURABILITY=3, KNOCKBACK=51711, FIRE_ASPECT=2, LOOT_BONUS_MOBS=3}} x 1]
Given         : []
Target        : DecapYT
[2024-09-06 06:01:31] [INFO]:
Spectator UUID: 776f7ac5-4028-30de-b33f-572cfe0b3838
Spectator Name: DecapYT
Taken         : [DIAMOND_SWORD & UNSPECIFIC_META:{meta-type=UNSPECIFIC, lore=[racoon is W], enchants={DAMAGE_ALL=51711, DURABILITY=3, KNOCKBACK=51711, FIRE_ASPECT=2, LOOT_BONUS_MOBS=3}} x 1]
Given         : []
Target        : racoon_of_yeeish
[2024-09-06 06:01:31] [INFO]:
Spectator UUID: 776f7ac5-4028-30de-b33f-572cfe0b3838
Spectator Name: DecapYT
Taken         : [DIAMOND_SWORD & UNSPECIFIC_META:{meta-type=UNSPECIFIC, lore=[racoon is W], enchants={DAMAGE_ALL=51711, DURABILITY=3, KNOCKBACK=51711, FIRE_ASPECT=2, LOOT_BONUS_MOBS=3}} x 1]
Given         : []
Target        : racoon_of_yeeish
[2024-09-06 06:01:31] [INFO]:
Spectator UUID: 776f7ac5-4028-30de-b33f-572cfe0b3838
Spectator Name: DecapYT
Taken         : [DIAMOND_SWORD & UNSPECIFIC_META:{meta-type=UNSPECIFIC, lore=[racoon is W], enchants={DAMAGE_ALL=51711, DURABILITY=3, KNOCKBACK=51711, FIRE_ASPECT=2, LOOT_BONUS_MOBS=3}} x 1]
Given         : []
Target        : racoon_of_yeeish
[2024-09-06 06:01:41] [INFO]:
Spectator UUID: 768a6279-3fc0-375b-ab61-1976eaa6af96
Spectator Name: racoon_of_yeeish
Taken         : [DIAMOND_SWORD & UNSPECIFIC_META:{meta-type=UNSPECIFIC, lore=[racoon is W], enchants={DAMAGE_ALL=51711, DURABILITY=3, KNOCKBACK=51711, FIRE_ASPECT=2, LOOT_BONUS_MOBS=3}} x 1]
Given         : []
Target        : DecapYT
[2024-09-06 06:01:41] [INFO]:
Spectator UUID: 768a6279-3fc0-375b-ab61-1976eaa6af96
Spectator Name: racoon_of_yeeish
Taken         : [DIAMOND_SWORD & UNSPECIFIC_META:{meta-type=UNSPECIFIC, lore=[racoon is W], enchants={DAMAGE_ALL=51711, DURABILITY=3, KNOCKBACK=51711, FIRE_ASPECT=2, LOOT_BONUS_MOBS=3}} x 1]
Given         : []
Target        : DecapYT
[2024-09-06 06:02:08] [INFO]:
Spectator UUID: 776f7ac5-4028-30de-b33f-572cfe0b3838
Spectator Name: DecapYT
Taken         : [DIAMOND_SWORD & UNSPECIFIC_META:{meta-type=UNSPECIFIC, lore=[racoon is W], enchants={DAMAGE_ALL=51711, DURABILITY=3, KNOCKBACK=51711, FIRE_ASPECT=2, LOOT_BONUS_MOBS=3}} x 1]
Given         : []
Target        : racoon_of_yeeish
[2024-09-06 06:02:08] [INFO]:
Spectator UUID: 776f7ac5-4028-30de-b33f-572cfe0b3838
Spectator Name: DecapYT
Taken         : [DIAMOND_SWORD & UNSPECIFIC_META:{meta-type=UNSPECIFIC, lore=[racoon is W], enchants={DAMAGE_ALL=51711, DURABILITY=3, KNOCKBACK=51711, FIRE_ASPECT=2, LOOT_BONUS_MOBS=3}} x 1]
Given         : []
Target        : racoon_of_yeeish
[2024-09-06 06:02:08] [INFO]:
Spectator UUID: 776f7ac5-4028-30de-b33f-572cfe0b3838
Spectator Name: DecapYT
Taken         : [DIAMOND_SWORD & UNSPECIFIC_META:{meta-type=UNSPECIFIC, lore=[racoon is W], enchants={DAMAGE_ALL=51711, DURABILITY=3, KNOCKBACK=51711, FIRE_ASPECT=2, LOOT_BONUS_MOBS=3}} x 1]
Given         : []
Target        : racoon_of_yeeish
[2024-09-06 06:02:08] [INFO]:
Spectator UUID: 776f7ac5-4028-30de-b33f-572cfe0b3838
Spectator Name: DecapYT
Taken         : [DIAMOND_SWORD & UNSPECIFIC_META:{meta-type=UNSPECIFIC, lore=[racoon is W], enchants={DAMAGE_ALL=51711, DURABILITY=3, KNOCKBACK=51711, FIRE_ASPECT=2, LOOT_BONUS_MOBS=3}} x 1]
Given         : []
Target        : racoon_of_yeeish
[2024-09-06 06:02:14] [INFO]:
Spectator UUID: 768a6279-3fc0-375b-ab61-1976eaa6af96
Spectator Name: racoon_of_yeeish
Taken         : [DIAMOND_SWORD & UNSPECIFIC_META:{meta-type=UNSPECIFIC, lore=[racoon is W], enchants={DAMAGE_ALL=51711, DURABILITY=3, KNOCKBACK=51711, FIRE_ASPECT=2, LOOT_BONUS_MOBS=3}} x 1]
Given         : []
Target        : DecapYT
[2024-09-06 06:02:14] [INFO]:
Spectator UUID: 768a6279-3fc0-375b-ab61-1976eaa6af96
Spectator Name: racoon_of_yeeish
Taken         : [DIAMOND_SWORD & UNSPECIFIC_META:{meta-type=UNSPECIFIC, lore=[racoon is W], enchants={DAMAGE_ALL=51711, DURABILITY=3, KNOCKBACK=51711, FIRE_ASPECT=2, LOOT_BONUS_MOBS=3}} x 1]
Given         : []
Target        : DecapYT
[2024-09-06 06:02:14] [INFO]:
Spectator UUID: 768a6279-3fc0-375b-ab61-1976eaa6af96
Spectator Name: racoon_of_yeeish
Taken         : [DIAMOND_SWORD & UNSPECIFIC_META:{meta-type=UNSPECIFIC, lore=[racoon is W], enchants={DAMAGE_ALL=51711, DURABILITY=3, KNOCKBACK=51711, FIRE_ASPECT=2, LOOT_BONUS_MOBS=3}} x 1]
Given         : []
Target        : DecapYT
[2024-09-06 06:03:20] [INFO]:
Spectator UUID: 776f7ac5-4028-30de-b33f-572cfe0b3838
Spectator Name: DecapYT
Taken         : [DIAMOND_BOOTS & UNSPECIFIC_META:{meta-type=UNSPECIFIC, lore=[The Holy Mythical Armour of Racoon_of_yeeish], enchants={PROTECTION_ENVIRONMENTAL=38527, DURABILITY=51711, THORNS=16959}} x 1, DIAMOND_LEGGINGS & UNSPECIFIC_META:{meta-type=UNSPECIFIC, lore=[The Holy Mythical Armour of Racoon_of_yeeish], enchants={PROTECTION_ENVIRONMENTAL=38527, DURABILITY=51711, THORNS=16959}, internal=H4sIAAAAAAAA/+NiYGBk4MjNL0tNTMpJZWQAALp7gm0QAAAA} x 1, DIAMOND_CHESTPLATE & UNSPECIFIC_META:{meta-type=UNSPECIFIC, lore=[The Holy Mythical Armour of Racoon_of_yeeish], enchants={PROTECTION_ENVIRONMENTAL=38527, DURABILITY=51711, THORNS=16959}, internal=H4sIAAAAAAAA/+NiYGBk4MjNL0tNTMpJZWQAALp7gm0QAAAA} x 1, DIAMOND_HELMET & UNSPECIFIC_META:{meta-type=UNSPECIFIC, lore=[The Holy Mythical Armour of Racoon_of_yeeish], enchants={PROTECTION_ENVIRONMENTAL=38527, DURABILITY=51711, THORNS=16959}, internal=H4sIAAAAAAAA/+NiYGBk4MjNL0tNTMpJZWQAALp7gm0QAAAA} x 1]
Given         : []
Target        : racoon_of_yeeish
[2024-09-06 06:03:20] [INFO]:
Spectator UUID: 776f7ac5-4028-30de-b33f-572cfe0b3838
Spectator Name: DecapYT
Taken         : [DIAMOND_BOOTS & UNSPECIFIC_META:{meta-type=UNSPECIFIC, lore=[The Holy Mythical Armour of Racoon_of_yeeish], enchants={PROTECTION_ENVIRONMENTAL=38527, DURABILITY=51711, THORNS=16959}} x 1, DIAMOND_LEGGINGS & UNSPECIFIC_META:{meta-type=UNSPECIFIC, lore=[The Holy Mythical Armour of Racoon_of_yeeish], enchants={PROTECTION_ENVIRONMENTAL=38527, DURABILITY=51711, THORNS=16959}, internal=H4sIAAAAAAAA/+NiYGBk4MjNL0tNTMpJZWQAALp7gm0QAAAA} x 1, DIAMOND_CHESTPLATE & UNSPECIFIC_META:{meta-type=UNSPECIFIC, lore=[The Holy Mythical Armour of Racoon_of_yeeish], enchants={PROTECTION_ENVIRONMENTAL=38527, DURABILITY=51711, THORNS=16959}, internal=H4sIAAAAAAAA/+NiYGBk4MjNL0tNTMpJZWQAALp7gm0QAAAA} x 1, DIAMOND_HELMET & UNSPECIFIC_META:{meta-type=UNSPECIFIC, lore=[The Holy Mythical Armour of Racoon_of_yeeish], enchants={PROTECTION_ENVIRONMENTAL=38527, DURABILITY=51711, THORNS=16959}, internal=H4sIAAAAAAAA/+NiYGBk4MjNL0tNTMpJZWQAALp7gm0QAAAA} x 1]
Given         : []
Target        : racoon_of_yeeish
[2024-09-06 06:03:20] [INFO]:
Spectator UUID: 776f7ac5-4028-30de-b33f-572cfe0b3838
Spectator Name: DecapYT
Taken         : [DIAMOND_BOOTS & UNSPECIFIC_META:{meta-type=UNSPECIFIC, lore=[The Holy Mythical Armour of Racoon_of_yeeish], enchants={PROTECTION_ENVIRONMENTAL=38527, DURABILITY=51711, THORNS=16959}} x 1, DIAMOND_LEGGINGS & UNSPECIFIC_META:{meta-type=UNSPECIFIC, lore=[The Holy Mythical Armour of Racoon_of_yeeish], enchants={PROTECTION_ENVIRONMENTAL=38527, DURABILITY=51711, THORNS=16959}, internal=H4sIAAAAAAAA/+NiYGBk4MjNL0tNTMpJZWQAALp7gm0QAAAA} x 1, DIAMOND_CHESTPLATE & UNSPECIFIC_META:{meta-type=UNSPECIFIC, lore=[The Holy Mythical Armour of Racoon_of_yeeish], enchants={PROTECTION_ENVIRONMENTAL=38527, DURABILITY=51711, THORNS=16959}, internal=H4sIAAAAAAAA/+NiYGBk4MjNL0tNTMpJZWQAALp7gm0QAAAA} x 1, DIAMOND_HELMET & UNSPECIFIC_META:{meta-type=UNSPECIFIC, lore=[The Holy Mythical Armour of Racoon_of_yeeish], enchants={PROTECTION_ENVIRONMENTAL=38527, DURABILITY=51711, THORNS=16959}, internal=H4sIAAAAAAAA/+NiYGBk4MjNL0tNTMpJZWQAALp7gm0QAAAA} x 1]
Given         : []
Target        : racoon_of_yeeish
[2024-09-06 06:03:20] [INFO]:
Spectator UUID: 776f7ac5-4028-30de-b33f-572cfe0b3838
Spectator Name: DecapYT
Taken         : [DIAMOND_BOOTS & UNSPECIFIC_META:{meta-type=UNSPECIFIC, lore=[The Holy Mythical Armour of Racoon_of_yeeish], enchants={PROTECTION_ENVIRONMENTAL=38527, DURABILITY=51711, THORNS=16959}} x 1, DIAMOND_LEGGINGS & UNSPECIFIC_META:{meta-type=UNSPECIFIC, lore=[The Holy Mythical Armour of Racoon_of_yeeish], enchants={PROTECTION_ENVIRONMENTAL=38527, DURABILITY=51711, THORNS=16959}, internal=H4sIAAAAAAAA/+NiYGBk4MjNL0tNTMpJZWQAALp7gm0QAAAA} x 1, DIAMOND_CHESTPLATE & UNSPECIFIC_META:{meta-type=UNSPECIFIC, lore=[The Holy Mythical Armour of Racoon_of_yeeish], enchants={PROTECTION_ENVIRONMENTAL=38527, DURABILITY=51711, THORNS=16959}, internal=H4sIAAAAAAAA/+NiYGBk4MjNL0tNTMpJZWQAALp7gm0QAAAA} x 1, DIAMOND_HELMET & UNSPECIFIC_META:{meta-type=UNSPECIFIC, lore=[The Holy Mythical Armour of Racoon_of_yeeish], enchants={PROTECTION_ENVIRONMENTAL=38527, DURABILITY=51711, THORNS=16959}, internal=H4sIAAAAAAAA/+NiYGBk4MjNL0tNTMpJZWQAALp7gm0QAAAA} x 1]
Given         : []
Target        : racoon_of_yeeish
[2024-09-06 06:03:20] [INFO]:
Spectator UUID: 776f7ac5-4028-30de-b33f-572cfe0b3838
Spectator Name: DecapYT
Taken         : [DIAMOND_BOOTS & UNSPECIFIC_META:{meta-type=UNSPECIFIC, lore=[The Holy Mythical Armour of Racoon_of_yeeish], enchants={PROTECTION_ENVIRONMENTAL=38527, DURABILITY=51711, THORNS=16959}} x 1, DIAMOND_LEGGINGS & UNSPECIFIC_META:{meta-type=UNSPECIFIC, lore=[The Holy Mythical Armour of Racoon_of_yeeish], enchants={PROTECTION_ENVIRONMENTAL=38527, DURABILITY=51711, THORNS=16959}, internal=H4sIAAAAAAAA/+NiYGBk4MjNL0tNTMpJZWQAALp7gm0QAAAA} x 1, DIAMOND_CHESTPLATE & UNSPECIFIC_META:{meta-type=UNSPECIFIC, lore=[The Holy Mythical Armour of Racoon_of_yeeish], enchants={PROTECTION_ENVIRONMENTAL=38527, DURABILITY=51711, THORNS=16959}, internal=H4sIAAAAAAAA/+NiYGBk4MjNL0tNTMpJZWQAALp7gm0QAAAA} x 1, DIAMOND_HELMET & UNSPECIFIC_META:{meta-type=UNSPECIFIC, lore=[The Holy Mythical Armour of Racoon_of_yeeish], enchants={PROTECTION_ENVIRONMENTAL=38527, DURABILITY=51711, THORNS=16959}, internal=H4sIAAAAAAAA/+NiYGBk4MjNL0tNTMpJZWQAALp7gm0QAAAA} x 1]
Given         : []
Target        : racoon_of_yeeish
[2024-09-06 06:04:07] [INFO]:
Spectator UUID: 768a6279-3fc0-375b-ab61-1976eaa6af96
Spectator Name: racoon_of_yeeish
Taken         : []
Given         : [STONE x 1, DIAMOND_BOOTS & UNSPECIFIC_META:{meta-type=UNSPECIFIC, lore=[The Holy Mythical Armour of Racoon_of_yeeish], enchants={PROTECTION_ENVIRONMENTAL=38527, DURABILITY=51711, THORNS=16959}} x 1, DIAMOND_LEGGINGS & UNSPECIFIC_META:{meta-type=UNSPECIFIC, lore=[The Holy Mythical Armour of Racoon_of_yeeish], enchants={PROTECTION_ENVIRONMENTAL=38527, DURABILITY=51711, THORNS=16959}, internal=H4sIAAAAAAAA/+NiYGBk4MjNL0tNTMpJZWQAALp7gm0QAAAA} x 1, DIAMOND_CHESTPLATE & UNSPECIFIC_META:{meta-type=UNSPECIFIC, lore=[The Holy Mythical Armour of Racoon_of_yeeish], enchants={PROTECTION_ENVIRONMENTAL=38527, DURABILITY=51711, THORNS=16959}, internal=H4sIAAAAAAAA/+NiYGBk4MjNL0tNTMpJZWQAALp7gm0QAAAA} x 1, DISPENSER x 64, DIAMOND_HELMET & UNSPECIFIC_META:{meta-type=UNSPECIFIC, lore=[The Holy Mythical Armour of Racoon_of_yeeish], enchants={PROTECTION_ENVIRONMENTAL=38527, DURABILITY=51711, THORNS=16959}, internal=H4sIAAAAAAAA/+NiYGBk4MjNL0tNTMpJZWQAALp7gm0QAAAA} x 1]
Target        : DecapYT
[2024-09-06 06:04:07] [INFO]:
Spectator UUID: 768a6279-3fc0-375b-ab61-1976eaa6af96
Spectator Name: racoon_of_yeeish
Taken         : []
Given         : [STONE x 1, DIAMOND_BOOTS & UNSPECIFIC_META:{meta-type=UNSPECIFIC, lore=[The Holy Mythical Armour of Racoon_of_yeeish], enchants={PROTECTION_ENVIRONMENTAL=38527, DURABILITY=51711, THORNS=16959}} x 1, DIAMOND_LEGGINGS & UNSPECIFIC_META:{meta-type=UNSPECIFIC, lore=[The Holy Mythical Armour of Racoon_of_yeeish], enchants={PROTECTION_ENVIRONMENTAL=38527, DURABILITY=51711, THORNS=16959}, internal=H4sIAAAAAAAA/+NiYGBk4MjNL0tNTMpJZWQAALp7gm0QAAAA} x 1, DIAMOND_CHESTPLATE & UNSPECIFIC_META:{meta-type=UNSPECIFIC, lore=[The Holy Mythical Armour of Racoon_of_yeeish], enchants={PROTECTION_ENVIRONMENTAL=38527, DURABILITY=51711, THORNS=16959}, internal=H4sIAAAAAAAA/+NiYGBk4MjNL0tNTMpJZWQAALp7gm0QAAAA} x 1, DISPENSER x 64, DIAMOND_HELMET & UNSPECIFIC_META:{meta-type=UNSPECIFIC, lore=[The Holy Mythical Armour of Racoon_of_yeeish], enchants={PROTECTION_ENVIRONMENTAL=38527, DURABILITY=51711, THORNS=16959}, internal=H4sIAAAAAAAA/+NiYGBk4MjNL0tNTMpJZWQAALp7gm0QAAAA} x 1]
Target        : DecapYT
[2024-09-06 06:04:07] [INFO]:
Spectator UUID: 768a6279-3fc0-375b-ab61-1976eaa6af96
Spectator Name: racoon_of_yeeish
Taken         : []
Given         : [STONE x 1, DIAMOND_BOOTS & UNSPECIFIC_META:{meta-type=UNSPECIFIC, lore=[The Holy Mythical Armour of Racoon_of_yeeish], enchants={PROTECTION_ENVIRONMENTAL=38527, DURABILITY=51711, THORNS=16959}} x 1, DIAMOND_LEGGINGS & UNSPECIFIC_META:{meta-type=UNSPECIFIC, lore=[The Holy Mythical Armour of Racoon_of_yeeish], enchants={PROTECTION_ENVIRONMENTAL=38527, DURABILITY=51711, THORNS=16959}, internal=H4sIAAAAAAAA/+NiYGBk4MjNL0tNTMpJZWQAALp7gm0QAAAA} x 1, DIAMOND_CHESTPLATE & UNSPECIFIC_META:{meta-type=UNSPECIFIC, lore=[The Holy Mythical Armour of Racoon_of_yeeish], enchants={PROTECTION_ENVIRONMENTAL=38527, DURABILITY=51711, THORNS=16959}, internal=H4sIAAAAAAAA/+NiYGBk4MjNL0tNTMpJZWQAALp7gm0QAAAA} x 1, DISPENSER x 64, DIAMOND_HELMET & UNSPECIFIC_META:{meta-type=UNSPECIFIC, lore=[The Holy Mythical Armour of Racoon_of_yeeish], enchants={PROTECTION_ENVIRONMENTAL=38527, DURABILITY=51711, THORNS=16959}, internal=H4sIAAAAAAAA/+NiYGBk4MjNL0tNTMpJZWQAALp7gm0QAAAA} x 1]
Target        : DecapYT
[2024-09-06 06:04:07] [INFO]:
Spectator UUID: 768a6279-3fc0-375b-ab61-1976eaa6af96
Spectator Name: racoon_of_yeeish
Taken         : []
Given         : [STONE x 1, DIAMOND_BOOTS & UNSPECIFIC_META:{meta-type=UNSPECIFIC, lore=[The Holy Mythical Armour of Racoon_of_yeeish], enchants={PROTECTION_ENVIRONMENTAL=38527, DURABILITY=51711, THORNS=16959}} x 1, DIAMOND_LEGGINGS & UNSPECIFIC_META:{meta-type=UNSPECIFIC, lore=[The Holy Mythical Armour of Racoon_of_yeeish], enchants={PROTECTION_ENVIRONMENTAL=38527, DURABILITY=51711, THORNS=16959}, internal=H4sIAAAAAAAA/+NiYGBk4MjNL0tNTMpJZWQAALp7gm0QAAAA} x 1, DIAMOND_CHESTPLATE & UNSPECIFIC_META:{meta-type=UNSPECIFIC, lore=[The Holy Mythical Armour of Racoon_of_yeeish], enchants={PROTECTION_ENVIRONMENTAL=38527, DURABILITY=51711, THORNS=16959}, internal=H4sIAAAAAAAA/+NiYGBk4MjNL0tNTMpJZWQAALp7gm0QAAAA} x 1, DISPENSER x 64, DIAMOND_HELMET & UNSPECIFIC_META:{meta-type=UNSPECIFIC, lore=[The Holy Mythical Armour of Racoon_of_yeeish], enchants={PROTECTION_ENVIRONMENTAL=38527, DURABILITY=51711, THORNS=16959}, internal=H4sIAAAAAAAA/+NiYGBk4MjNL0tNTMpJZWQAALp7gm0QAAAA} x 1]
Target        : DecapYT
[2024-09-06 06:04:07] [INFO]:
Spectator UUID: 768a6279-3fc0-375b-ab61-1976eaa6af96
Spectator Name: racoon_of_yeeish
Taken         : []
Given         : [STONE x 1, DIAMOND_BOOTS & UNSPECIFIC_META:{meta-type=UNSPECIFIC, lore=[The Holy Mythical Armour of Racoon_of_yeeish], enchants={PROTECTION_ENVIRONMENTAL=38527, DURABILITY=51711, THORNS=16959}} x 1, DIAMOND_LEGGINGS & UNSPECIFIC_META:{meta-type=UNSPECIFIC, lore=[The Holy Mythical Armour of Racoon_of_yeeish], enchants={PROTECTION_ENVIRONMENTAL=38527, DURABILITY=51711, THORNS=16959}, internal=H4sIAAAAAAAA/+NiYGBk4MjNL0tNTMpJZWQAALp7gm0QAAAA} x 1, DIAMOND_CHESTPLATE & UNSPECIFIC_META:{meta-type=UNSPECIFIC, lore=[The Holy Mythical Armour of Racoon_of_yeeish], enchants={PROTECTION_ENVIRONMENTAL=38527, DURABILITY=51711, THORNS=16959}, internal=H4sIAAAAAAAA/+NiYGBk4MjNL0tNTMpJZWQAALp7gm0QAAAA} x 1, DISPENSER x 64, DIAMOND_HELMET & UNSPECIFIC_META:{meta-type=UNSPECIFIC, lore=[The Holy Mythical Armour of Racoon_of_yeeish], enchants={PROTECTION_ENVIRONMENTAL=38527, DURABILITY=51711, THORNS=16959}, internal=H4sIAAAAAAAA/+NiYGBk4MjNL0tNTMpJZWQAALp7gm0QAAAA} x 1]
Target        : DecapYT
[2024-09-06 06:04:34] [INFO]:
Spectator UUID: 768a6279-3fc0-375b-ab61-1976eaa6af96
Spectator Name: racoon_of_yeeish
Taken         : []
Given         : [DIAMOND_LEGGINGS & UNSPECIFIC_META:{meta-type=UNSPECIFIC, lore=[The Holy Mythical Armour of Racoon_of_yeeish], enchants={PROTECTION_ENVIRONMENTAL=38527, DURABILITY=51711, THORNS=16959}, internal=H4sIAAAAAAAA/+NiYGBk4MjNL0tNTMpJZWQAALp7gm0QAAAA} x 1, DIAMOND_BOOTS & UNSPECIFIC_META:{meta-type=UNSPECIFIC, lore=[The Holy Mythical Armour of Racoon_of_yeeish], enchants={PROTECTION_ENVIRONMENTAL=38527, DURABILITY=51711, THORNS=16959}} x 1, DIAMOND_HELMET x 5, DIAMOND_CHESTPLATE x 2, DIAMOND_LEGGINGS x 1, GOLD_HELMET x 1, ENCHANTED_BOOK & ENCHANTED_META:{meta-type=ENCHANTED, stored-enchants={WATER_WORKER=1}} x 1, IRON_SWORD x 1, IRON_HELMET x 1, STONE x 1, LEATHER_LEGGINGS x 1, IRON_BOOTS x 1, ENCHANTED_BOOK & ENCHANTED_META:{meta-type=ENCHANTED, stored-enchants={DAMAGE_ALL=5}} x 1, DIAMOND_HELMET & UNSPECIFIC_META:{meta-type=UNSPECIFIC, lore=[The Holy Mythical Armour of Racoon_of_yeeish], enchants={PROTECTION_ENVIRONMENTAL=38527, DURABILITY=51711, THORNS=16959}, internal=H4sIAAAAAAAA/+NiYGBk4MjNL0tNTMpJZWQAALp7gm0QAAAA} x 1, ENCHANTED_BOOK & ENCHANTED_META:{meta-type=ENCHANTED, stored-enchants={ARROW_DAMAGE=5}} x 1, ENCHANTED_BOOK & ENCHANTED_META:{meta-type=ENCHANTED, stored-enchants={PROTECTION_FALL=4}} x 1, ENCHANTED_BOOK & ENCHANTED_META:{meta-type=ENCHANTED, stored-enchants={FIRE_ASPECT=2}} x 1]
Target        : DecapYT
[2024-09-06 06:04:34] [INFO]:
Spectator UUID: 768a6279-3fc0-375b-ab61-1976eaa6af96
Spectator Name: racoon_of_yeeish
Taken         : []
Given         : [DIAMOND_LEGGINGS & UNSPECIFIC_META:{meta-type=UNSPECIFIC, lore=[The Holy Mythical Armour of Racoon_of_yeeish], enchants={PROTECTION_ENVIRONMENTAL=38527, DURABILITY=51711, THORNS=16959}, internal=H4sIAAAAAAAA/+NiYGBk4MjNL0tNTMpJZWQAALp7gm0QAAAA} x 1, DIAMOND_BOOTS & UNSPECIFIC_META:{meta-type=UNSPECIFIC, lore=[The Holy Mythical Armour of Racoon_of_yeeish], enchants={PROTECTION_ENVIRONMENTAL=38527, DURABILITY=51711, THORNS=16959}} x 1, DIAMOND_HELMET x 5, DIAMOND_CHESTPLATE x 2, DIAMOND_LEGGINGS x 1, GOLD_HELMET x 1, ENCHANTED_BOOK & ENCHANTED_META:{meta-type=ENCHANTED, stored-enchants={WATER_WORKER=1}} x 1, IRON_SWORD x 1, IRON_HELMET x 1, STONE x 1, LEATHER_LEGGINGS x 1, IRON_BOOTS x 1, ENCHANTED_BOOK & ENCHANTED_META:{meta-type=ENCHANTED, stored-enchants={DAMAGE_ALL=5}} x 1, DIAMOND_HELMET & UNSPECIFIC_META:{meta-type=UNSPECIFIC, lore=[The Holy Mythical Armour of Racoon_of_yeeish], enchants={PROTECTION_ENVIRONMENTAL=38527, DURABILITY=51711, THORNS=16959}, internal=H4sIAAAAAAAA/+NiYGBk4MjNL0tNTMpJZWQAALp7gm0QAAAA} x 1, ENCHANTED_BOOK & ENCHANTED_META:{meta-type=ENCHANTED, stored-enchants={ARROW_DAMAGE=5}} x 1, ENCHANTED_BOOK & ENCHANTED_META:{meta-type=ENCHANTED, stored-enchants={PROTECTION_FALL=4}} x 1, ENCHANTED_BOOK & ENCHANTED_META:{meta-type=ENCHANTED, stored-enchants={FIRE_ASPECT=2}} x 1]
Target        : DecapYT
[2024-09-06 06:04:34] [INFO]:
Spectator UUID: 768a6279-3fc0-375b-ab61-1976eaa6af96
Spectator Name: racoon_of_yeeish
Taken         : []
Given         : [DIAMOND_LEGGINGS & UNSPECIFIC_META:{meta-type=UNSPECIFIC, lore=[The Holy Mythical Armour of Racoon_of_yeeish], enchants={PROTECTION_ENVIRONMENTAL=38527, DURABILITY=51711, THORNS=16959}, internal=H4sIAAAAAAAA/+NiYGBk4MjNL0tNTMpJZWQAALp7gm0QAAAA} x 1, DIAMOND_BOOTS & UNSPECIFIC_META:{meta-type=UNSPECIFIC, lore=[The Holy Mythical Armour of Racoon_of_yeeish], enchants={PROTECTION_ENVIRONMENTAL=38527, DURABILITY=51711, THORNS=16959}} x 1, DIAMOND_HELMET x 5, DIAMOND_CHESTPLATE x 2, DIAMOND_LEGGINGS x 1, GOLD_HELMET x 1, ENCHANTED_BOOK & ENCHANTED_META:{meta-type=ENCHANTED, stored-enchants={WATER_WORKER=1}} x 1, IRON_SWORD x 1, IRON_HELMET x 1, STONE x 1, LEATHER_LEGGINGS x 1, IRON_BOOTS x 1, ENCHANTED_BOOK & ENCHANTED_META:{meta-type=ENCHANTED, stored-enchants={DAMAGE_ALL=5}} x 1, DIAMOND_HELMET & UNSPECIFIC_META:{meta-type=UNSPECIFIC, lore=[The Holy Mythical Armour of Racoon_of_yeeish], enchants={PROTECTION_ENVIRONMENTAL=38527, DURABILITY=51711, THORNS=16959}, internal=H4sIAAAAAAAA/+NiYGBk4MjNL0tNTMpJZWQAALp7gm0QAAAA} x 1, ENCHANTED_BOOK & ENCHANTED_META:{meta-type=ENCHANTED, stored-enchants={ARROW_DAMAGE=5}} x 1, ENCHANTED_BOOK & ENCHANTED_META:{meta-type=ENCHANTED, stored-enchants={PROTECTION_FALL=4}} x 1, ENCHANTED_BOOK & ENCHANTED_META:{meta-type=ENCHANTED, stored-enchants={FIRE_ASPECT=2}} x 1]
Target        : DecapYT
[2024-09-06 06:04:34] [INFO]:
Spectator UUID: 768a6279-3fc0-375b-ab61-1976eaa6af96
Spectator Name: racoon_of_yeeish
Taken         : []
Given         : [DIAMOND_LEGGINGS & UNSPECIFIC_META:{meta-type=UNSPECIFIC, lore=[The Holy Mythical Armour of Racoon_of_yeeish], enchants={PROTECTION_ENVIRONMENTAL=38527, DURABILITY=51711, THORNS=16959}, internal=H4sIAAAAAAAA/+NiYGBk4MjNL0tNTMpJZWQAALp7gm0QAAAA} x 1, DIAMOND_BOOTS & UNSPECIFIC_META:{meta-type=UNSPECIFIC, lore=[The Holy Mythical Armour of Racoon_of_yeeish], enchants={PROTECTION_ENVIRONMENTAL=38527, DURABILITY=51711, THORNS=16959}} x 1, DIAMOND_HELMET x 5, DIAMOND_CHESTPLATE x 2, DIAMOND_LEGGINGS x 1, GOLD_HELMET x 1, ENCHANTED_BOOK & ENCHANTED_META:{meta-type=ENCHANTED, stored-enchants={WATER_WORKER=1}} x 1, IRON_SWORD x 1, IRON_HELMET x 1, STONE x 1, LEATHER_LEGGINGS x 1, IRON_BOOTS x 1, ENCHANTED_BOOK & ENCHANTED_META:{meta-type=ENCHANTED, stored-enchants={DAMAGE_ALL=5}} x 1, DIAMOND_HELMET & UNSPECIFIC_META:{meta-type=UNSPECIFIC, lore=[The Holy Mythical Armour of Racoon_of_yeeish], enchants={PROTECTION_ENVIRONMENTAL=38527, DURABILITY=51711, THORNS=16959}, internal=H4sIAAAAAAAA/+NiYGBk4MjNL0tNTMpJZWQAALp7gm0QAAAA} x 1, ENCHANTED_BOOK & ENCHANTED_META:{meta-type=ENCHANTED, stored-enchants={ARROW_DAMAGE=5}} x 1, ENCHANTED_BOOK & ENCHANTED_META:{meta-type=ENCHANTED, stored-enchants={PROTECTION_FALL=4}} x 1, ENCHANTED_BOOK & ENCHANTED_META:{meta-type=ENCHANTED, stored-enchants={FIRE_ASPECT=2}} x 1]
Target        : DecapYT
[2024-09-06 06:04:34] [INFO]:
Spectator UUID: 768a6279-3fc0-375b-ab61-1976eaa6af96
Spectator Name: racoon_of_yeeish
Taken         : []
Given         : [DIAMOND_LEGGINGS & UNSPECIFIC_META:{meta-type=UNSPECIFIC, lore=[The Holy Mythical Armour of Racoon_of_yeeish], enchants={PROTECTION_ENVIRONMENTAL=38527, DURABILITY=51711, THORNS=16959}, internal=H4sIAAAAAAAA/+NiYGBk4MjNL0tNTMpJZWQAALp7gm0QAAAA} x 1, DIAMOND_BOOTS & UNSPECIFIC_META:{meta-type=UNSPECIFIC, lore=[The Holy Mythical Armour of Racoon_of_yeeish], enchants={PROTECTION_ENVIRONMENTAL=38527, DURABILITY=51711, THORNS=16959}} x 1, DIAMOND_HELMET x 5, DIAMOND_CHESTPLATE x 2, DIAMOND_LEGGINGS x 1, GOLD_HELMET x 1, ENCHANTED_BOOK & ENCHANTED_META:{meta-type=ENCHANTED, stored-enchants={WATER_WORKER=1}} x 1, IRON_SWORD x 1, IRON_HELMET x 1, STONE x 1, LEATHER_LEGGINGS x 1, IRON_BOOTS x 1, ENCHANTED_BOOK & ENCHANTED_META:{meta-type=ENCHANTED, stored-enchants={DAMAGE_ALL=5}} x 1, DIAMOND_HELMET & UNSPECIFIC_META:{meta-type=UNSPECIFIC, lore=[The Holy Mythical Armour of Racoon_of_yeeish], enchants={PROTECTION_ENVIRONMENTAL=38527, DURABILITY=51711, THORNS=16959}, internal=H4sIAAAAAAAA/+NiYGBk4MjNL0tNTMpJZWQAALp7gm0QAAAA} x 1, ENCHANTED_BOOK & ENCHANTED_META:{meta-type=ENCHANTED, stored-enchants={ARROW_DAMAGE=5}} x 1, ENCHANTED_BOOK & ENCHANTED_META:{meta-type=ENCHANTED, stored-enchants={PROTECTION_FALL=4}} x 1, ENCHANTED_BOOK & ENCHANTED_META:{meta-type=ENCHANTED, stored-enchants={FIRE_ASPECT=2}} x 1]
Target        : DecapYT
[2024-09-06 06:04:34] [INFO]:
Spectator UUID: 768a6279-3fc0-375b-ab61-1976eaa6af96
Spectator Name: racoon_of_yeeish
Taken         : []
Given         : [DIAMOND_LEGGINGS & UNSPECIFIC_META:{meta-type=UNSPECIFIC, lore=[The Holy Mythical Armour of Racoon_of_yeeish], enchants={PROTECTION_ENVIRONMENTAL=38527, DURABILITY=51711, THORNS=16959}, internal=H4sIAAAAAAAA/+NiYGBk4MjNL0tNTMpJZWQAALp7gm0QAAAA} x 1, DIAMOND_BOOTS & UNSPECIFIC_META:{meta-type=UNSPECIFIC, lore=[The Holy Mythical Armour of Racoon_of_yeeish], enchants={PROTECTION_ENVIRONMENTAL=38527, DURABILITY=51711, THORNS=16959}} x 1, DIAMOND_HELMET x 5, DIAMOND_CHESTPLATE x 2, DIAMOND_LEGGINGS x 1, GOLD_HELMET x 1, ENCHANTED_BOOK & ENCHANTED_META:{meta-type=ENCHANTED, stored-enchants={WATER_WORKER=1}} x 1, IRON_SWORD x 1, IRON_HELMET x 1, STONE x 1, LEATHER_LEGGINGS x 1, IRON_BOOTS x 1, ENCHANTED_BOOK & ENCHANTED_META:{meta-type=ENCHANTED, stored-enchants={DAMAGE_ALL=5}} x 1, DIAMOND_HELMET & UNSPECIFIC_META:{meta-type=UNSPECIFIC, lore=[The Holy Mythical Armour of Racoon_of_yeeish], enchants={PROTECTION_ENVIRONMENTAL=38527, DURABILITY=51711, THORNS=16959}, internal=H4sIAAAAAAAA/+NiYGBk4MjNL0tNTMpJZWQAALp7gm0QAAAA} x 1, ENCHANTED_BOOK & ENCHANTED_META:{meta-type=ENCHANTED, stored-enchants={ARROW_DAMAGE=5}} x 1, ENCHANTED_BOOK & ENCHANTED_META:{meta-type=ENCHANTED, stored-enchants={PROTECTION_FALL=4}} x 1, ENCHANTED_BOOK & ENCHANTED_META:{meta-type=ENCHANTED, stored-enchants={FIRE_ASPECT=2}} x 1]
Target        : DecapYT
[2024-09-06 06:41:36] [INFO]:
Spectator UUID: 768a6279-3fc0-375b-ab61-1976eaa6af96
Spectator Name: racoon_of_yeeish
Taken         : [GOLDEN_APPLE & UNSPECIFIC_META:{meta-type=UNSPECIFIC, internal=H4sIAAAAAAAA/+NiYGBk4MjNL0tNTMpJZWQAALp7gm0QAAAA} x 128, DIAMOND_SWORD & UNSPECIFIC_META:{meta-type=UNSPECIFIC, enchants={DAMAGE_ALL=51712, DURABILITY=3, FIRE_ASPECT=2, LOOT_BONUS_MOBS=3}, internal=H4sIAAAAAAAA/+NiYGBk4MjNL0tNTMpJZWQAALp7gm0QAAAA} x 1, DIAMOND_HELMET & UNSPECIFIC_META:{meta-type=UNSPECIFIC, enchants={PROTECTION_ENVIRONMENTAL=4, DURABILITY=3}, internal=H4sIAAAAAAAA/+NiYGBk4MjNL0tNTMpJZWQAALp7gm0QAAAA} x 1, DIAMOND_CHESTPLATE & UNSPECIFIC_META:{meta-type=UNSPECIFIC, enchants={PROTECTION_ENVIRONMENTAL=4, DURABILITY=3}, internal=H4sIAAAAAAAA/+NiYGBk4MjNL0tNTMpJZWQAALp7gm0QAAAA} x 1, DIAMOND_LEGGINGS & UNSPECIFIC_META:{meta-type=UNSPECIFIC, enchants={PROTECTION_ENVIRONMENTAL=4, DURABILITY=3}, internal=H4sIAAAAAAAA/+NiYGBk4MjNL0tNTMpJZWQAALp7gm0QAAAA} x 1, DIAMOND_BOOTS & UNSPECIFIC_META:{meta-type=UNSPECIFIC, enchants={PROTECTION_ENVIRONMENTAL=4, DURABILITY=3}, internal=H4sIAAAAAAAA/+NiYGBk4MjNL0tNTMpJZWQAALp7gm0QAAAA} x 1]
Given         : []
Target        : DecapYT
